<?xml version="1.0" encoding="UTF-8"?>
<coverage generated="1734696705761" clover="3.2.0">
  <project timestamp="1734696705761" name="All files">
    <metrics statements="317" coveredstatements="310" conditionals="146" coveredconditionals="145" methods="117" coveredmethods="115" elements="580" coveredelements="570" complexity="0" loc="317" ncloc="317" packages="7" files="27" classes="27"/>
    <package name="src">
      <metrics statements="2" coveredstatements="2" conditionals="0" coveredconditionals="0" methods="0" coveredmethods="0"/>
      <file name="index.ts" path="C:\Users\evand\OneDrive\Área de Trabalho\code-fire\packages\auth\src\index.ts">
        <metrics statements="2" coveredstatements="2" conditionals="0" coveredconditionals="0" methods="0" coveredmethods="0"/>
        <line num="1" count="13" type="stmt"/>
        <line num="2" count="13" type="stmt"/>
      </file>
    </package>
    <package name="src.model">
      <metrics statements="85" coveredstatements="81" conditionals="52" coveredconditionals="52" methods="33" coveredmethods="32"/>
      <file name="Perfil.ts" path="C:\Users\evand\OneDrive\Área de Trabalho\code-fire\packages\auth\src\model\Perfil.ts">
        <metrics statements="22" coveredstatements="22" conditionals="9" coveredconditionals="9" methods="11" coveredmethods="11"/>
        <line num="1" count="17" type="stmt"/>
        <line num="10" count="17" type="stmt"/>
        <line num="17" count="39" type="stmt"/>
        <line num="18" count="39" type="stmt"/>
        <line num="19" count="39" type="stmt"/>
        <line num="20" count="39" type="stmt"/>
        <line num="21" count="39" type="cond" truecount="2" falsecount="0"/>
        <line num="25" count="13" type="stmt"/>
        <line num="29" count="42" type="stmt"/>
        <line num="33" count="30" type="stmt"/>
        <line num="34" count="30" type="cond" truecount="2" falsecount="0"/>
        <line num="38" count="21" type="stmt"/>
        <line num="41" count="6" type="stmt"/>
        <line num="45" count="28" type="cond" truecount="2" falsecount="0"/>
        <line num="46" count="16" type="stmt"/>
        <line num="48" count="16" type="stmt"/>
        <line num="49" count="12" type="cond" truecount="1" falsecount="0"/>
        <line num="50" count="11" type="stmt"/>
        <line num="56" count="2" type="cond" truecount="1" falsecount="0"/>
        <line num="57" count="2" type="stmt"/>
        <line num="58" count="2" type="cond" truecount="1" falsecount="0"/>
        <line num="59" count="2" type="stmt"/>
      </file>
      <file name="Permissao.ts" path="C:\Users\evand\OneDrive\Área de Trabalho\code-fire\packages\auth\src\model\Permissao.ts">
        <metrics statements="10" coveredstatements="10" conditionals="4" coveredconditionals="4" methods="4" coveredmethods="4"/>
        <line num="1" count="17" type="stmt"/>
        <line num="9" count="17" type="stmt"/>
        <line num="16" count="41" type="stmt"/>
        <line num="18" count="41" type="stmt"/>
        <line num="19" count="41" type="stmt"/>
        <line num="20" count="41" type="cond" truecount="4" falsecount="0"/>
        <line num="21" count="41" type="stmt"/>
        <line num="25" count="35" type="stmt"/>
        <line num="29" count="16" type="stmt"/>
        <line num="33" count="1" type="stmt"/>
      </file>
      <file name="TokenJwt.ts" path="C:\Users\evand\OneDrive\Área de Trabalho\code-fire\packages\auth\src\model\TokenJwt.ts">
        <metrics statements="12" coveredstatements="8" conditionals="0" coveredconditionals="0" methods="2" coveredmethods="1"/>
        <line num="1" count="1" type="stmt"/>
        <line num="2" count="1" type="stmt"/>
        <line num="3" count="1" type="stmt"/>
        <line num="5" count="1" type="stmt"/>
        <line num="6" count="1" type="stmt"/>
        <line num="7" count="1" type="stmt"/>
        <line num="8" count="1" type="stmt"/>
        <line num="11" count="1" type="stmt"/>
        <line num="15" count="0" type="stmt"/>
        <line num="16" count="0" type="stmt"/>
        <line num="17" count="0" type="stmt"/>
        <line num="19" count="0" type="stmt"/>
      </file>
      <file name="Usuario.ts" path="C:\Users\evand\OneDrive\Área de Trabalho\code-fire\packages\auth\src\model\Usuario.ts">
        <metrics statements="35" coveredstatements="35" conditionals="39" coveredconditionals="39" methods="16" coveredmethods="16"/>
        <line num="1" count="16" type="stmt"/>
        <line num="2" count="16" type="stmt"/>
        <line num="17" count="16" type="stmt"/>
        <line num="31" count="33" type="stmt"/>
        <line num="32" count="33" type="stmt"/>
        <line num="33" count="33" type="stmt"/>
        <line num="34" count="33" type="cond" truecount="2" falsecount="0"/>
        <line num="35" count="33" type="cond" truecount="2" falsecount="0"/>
        <line num="36" count="33" type="cond" truecount="2" falsecount="0"/>
        <line num="37" count="33" type="stmt"/>
        <line num="38" count="33" type="cond" truecount="4" falsecount="0"/>
        <line num="39" count="33" type="cond" truecount="4" falsecount="0"/>
        <line num="40" count="33" type="cond" truecount="2" falsecount="0"/>
        <line num="41" count="33" type="cond" truecount="2" falsecount="0"/>
        <line num="42" count="33" type="stmt"/>
        <line num="46" count="2" type="stmt"/>
        <line num="49" count="2" type="cond" truecount="4" falsecount="0"/>
        <line num="53" count="8" type="cond" truecount="6" falsecount="0"/>
        <line num="57" count="7" type="stmt"/>
        <line num="61" count="3" type="cond" truecount="4" falsecount="0"/>
        <line num="65" count="5" type="stmt"/>
        <line num="69" count="20" type="stmt"/>
        <line num="73" count="6" type="stmt"/>
        <line num="77" count="12" type="stmt"/>
        <line num="78" count="12" type="cond" truecount="2" falsecount="0"/>
        <line num="82" count="10" type="cond" truecount="2" falsecount="0"/>
        <line num="83" count="7" type="stmt"/>
        <line num="85" count="3" type="stmt"/>
        <line num="86" count="3" type="cond" truecount="1" falsecount="0"/>
        <line num="87" count="2" type="stmt"/>
        <line num="93" count="2" type="cond" truecount="1" falsecount="0"/>
        <line num="94" count="2" type="stmt"/>
        <line num="95" count="2" type="cond" truecount="1" falsecount="0"/>
        <line num="96" count="2" type="stmt"/>
        <line num="102" count="2" type="stmt"/>
      </file>
      <file name="index.ts" path="C:\Users\evand\OneDrive\Área de Trabalho\code-fire\packages\auth\src\model\index.ts">
        <metrics statements="6" coveredstatements="6" conditionals="0" coveredconditionals="0" methods="0" coveredmethods="0"/>
        <line num="1" count="15" type="stmt"/>
        <line num="2" count="15" type="stmt"/>
        <line num="3" count="15" type="stmt"/>
        <line num="6" count="15" type="stmt"/>
        <line num="7" count="15" type="stmt"/>
        <line num="8" count="15" type="stmt"/>
      </file>
    </package>
    <package name="src.model.obj-valor">
      <metrics statements="16" coveredstatements="16" conditionals="4" coveredconditionals="4" methods="6" coveredmethods="6"/>
      <file name="SenhaForte.ts" path="C:\Users\evand\OneDrive\Área de Trabalho\code-fire\packages\auth\src\model\obj-valor\SenhaForte.ts">
        <metrics statements="8" coveredstatements="8" conditionals="2" coveredconditionals="2" methods="3" coveredmethods="3"/>
        <line num="1" count="3" type="stmt"/>
        <line num="5" count="14" type="cond" truecount="1" falsecount="0"/>
        <line num="7" count="13" type="stmt"/>
        <line num="9" count="13" type="cond" truecount="1" falsecount="0"/>
        <line num="10" count="4" type="stmt"/>
        <line num="15" count="15" type="stmt"/>
        <line num="16" count="15" type="stmt"/>
        <line num="20" count="6" type="stmt"/>
      </file>
      <file name="SenhaHash.ts" path="C:\Users\evand\OneDrive\Área de Trabalho\code-fire\packages\auth\src\model\obj-valor\SenhaHash.ts">
        <metrics statements="8" coveredstatements="8" conditionals="2" coveredconditionals="2" methods="3" coveredmethods="3"/>
        <line num="1" count="17" type="stmt"/>
        <line num="6" count="36" type="cond" truecount="1" falsecount="0"/>
        <line num="8" count="35" type="stmt"/>
        <line num="10" count="35" type="cond" truecount="1" falsecount="0"/>
        <line num="11" count="4" type="stmt"/>
        <line num="15" count="38" type="stmt"/>
        <line num="16" count="38" type="stmt"/>
        <line num="20" count="10" type="stmt"/>
      </file>
    </package>
    <package name="src.usecases.perfil">
      <metrics statements="42" coveredstatements="42" conditionals="12" coveredconditionals="12" methods="11" coveredmethods="11"/>
      <file name="CriarPerfil.ts" path="C:\Users\evand\OneDrive\Área de Trabalho\code-fire\packages\auth\src\usecases\perfil\CriarPerfil.ts">
        <metrics statements="13" coveredstatements="13" conditionals="4" coveredconditionals="4" methods="2" coveredmethods="2"/>
        <line num="2" count="1" type="stmt"/>
        <line num="14" count="1" type="stmt"/>
        <line num="16" count="5" type="stmt"/>
        <line num="17" count="5" type="stmt"/>
        <line num="20" count="6" type="cond" truecount="2" falsecount="0"/>
        <line num="21" count="6" type="stmt"/>
        <line num="22" count="6" type="stmt"/>
        <line num="24" count="6" type="stmt"/>
        <line num="25" count="6" type="cond" truecount="1" falsecount="0"/>
        <line num="26" count="5" type="stmt"/>
        <line num="27" count="6" type="stmt"/>
        <line num="28" count="6" type="cond" truecount="1" falsecount="0"/>
        <line num="30" count="5" type="stmt"/>
      </file>
      <file name="EditarPerfil.ts" path="C:\Users\evand\OneDrive\Área de Trabalho\code-fire\packages\auth\src\usecases\perfil\EditarPerfil.ts">
        <metrics statements="16" coveredstatements="16" conditionals="6" coveredconditionals="6" methods="2" coveredmethods="2"/>
        <line num="1" count="1" type="stmt"/>
        <line num="12" count="1" type="stmt"/>
        <line num="14" count="6" type="stmt"/>
        <line num="15" count="6" type="stmt"/>
        <line num="18" count="6" type="cond" truecount="2" falsecount="0"/>
        <line num="19" count="6" type="stmt"/>
        <line num="21" count="6" type="stmt"/>
        <line num="22" count="6" type="cond" truecount="1" falsecount="0"/>
        <line num="24" count="5" type="stmt"/>
        <line num="26" count="5" type="cond" truecount="1" falsecount="0"/>
        <line num="27" count="3" type="stmt"/>
        <line num="28" count="3" type="cond" truecount="1" falsecount="0"/>
        <line num="31" count="4" type="stmt"/>
        <line num="32" count="2" type="stmt"/>
        <line num="33" count="2" type="cond" truecount="1" falsecount="0"/>
        <line num="35" count="4" type="stmt"/>
      </file>
      <file name="ExcluirPerfil.ts" path="C:\Users\evand\OneDrive\Área de Trabalho\code-fire\packages\auth\src\usecases\perfil\ExcluirPerfil.ts">
        <metrics statements="8" coveredstatements="8" conditionals="2" coveredconditionals="2" methods="2" coveredmethods="2"/>
        <line num="5" count="1" type="stmt"/>
        <line num="7" count="3" type="stmt"/>
        <line num="8" count="3" type="stmt"/>
        <line num="12" count="3" type="stmt"/>
        <line num="13" count="3" type="cond" truecount="1" falsecount="0"/>
        <line num="15" count="2" type="stmt"/>
        <line num="16" count="2" type="cond" truecount="1" falsecount="0"/>
        <line num="18" count="1" type="stmt"/>
      </file>
      <file name="ObterPerfis.ts" path="C:\Users\evand\OneDrive\Área de Trabalho\code-fire\packages\auth\src\usecases\perfil\ObterPerfis.ts">
        <metrics statements="5" coveredstatements="5" conditionals="0" coveredconditionals="0" methods="5" coveredmethods="5"/>
        <line num="13" count="1" type="stmt"/>
        <line num="14" count="1" type="stmt"/>
        <line num="17" count="1" type="stmt"/>
        <line num="19" count="3" type="stmt"/>
        <line num="28" count="9" type="stmt"/>
      </file>
    </package>
    <package name="src.usecases.permissao">
      <metrics statements="32" coveredstatements="32" conditionals="8" coveredconditionals="8" methods="9" coveredmethods="9"/>
      <file name="CriarPermissao.ts" path="C:\Users\evand\OneDrive\Área de Trabalho\code-fire\packages\auth\src\usecases\permissao\CriarPermissao.ts">
        <metrics statements="8" coveredstatements="8" conditionals="1" coveredconditionals="1" methods="2" coveredmethods="2"/>
        <line num="3" count="1" type="stmt"/>
        <line num="10" count="1" type="stmt"/>
        <line num="11" count="2" type="stmt"/>
        <line num="14" count="3" type="stmt"/>
        <line num="15" count="3" type="stmt"/>
        <line num="17" count="3" type="stmt"/>
        <line num="18" count="3" type="cond" truecount="1" falsecount="0"/>
        <line num="19" count="2" type="stmt"/>
      </file>
      <file name="EditarPermissao.ts" path="C:\Users\evand\OneDrive\Área de Trabalho\code-fire\packages\auth\src\usecases\permissao\EditarPermissao.ts">
        <metrics statements="12" coveredstatements="12" conditionals="5" coveredconditionals="5" methods="2" coveredmethods="2"/>
        <line num="1" count="1" type="stmt"/>
        <line num="9" count="1" type="stmt"/>
        <line num="10" count="4" type="stmt"/>
        <line num="13" count="4" type="stmt"/>
        <line num="15" count="4" type="stmt"/>
        <line num="16" count="4" type="cond" truecount="1" falsecount="0"/>
        <line num="18" count="3" type="cond" truecount="1" falsecount="0"/>
        <line num="19" count="3" type="stmt"/>
        <line num="20" count="3" type="cond" truecount="3" falsecount="0"/>
        <line num="22" count="1" type="stmt"/>
        <line num="24" count="2" type="stmt"/>
        <line num="26" count="2" type="stmt"/>
      </file>
      <file name="ExcluirPermissao.ts" path="C:\Users\evand\OneDrive\Área de Trabalho\code-fire\packages\auth\src\usecases\permissao\ExcluirPermissao.ts">
        <metrics statements="8" coveredstatements="8" conditionals="2" coveredconditionals="2" methods="2" coveredmethods="2"/>
        <line num="6" count="1" type="stmt"/>
        <line num="8" count="3" type="stmt"/>
        <line num="9" count="3" type="stmt"/>
        <line num="14" count="3" type="stmt"/>
        <line num="15" count="3" type="cond" truecount="1" falsecount="0"/>
        <line num="17" count="2" type="stmt"/>
        <line num="18" count="2" type="cond" truecount="1" falsecount="0"/>
        <line num="20" count="1" type="stmt"/>
      </file>
      <file name="ObterPermissoes.ts" path="C:\Users\evand\OneDrive\Área de Trabalho\code-fire\packages\auth\src\usecases\permissao\ObterPermissoes.ts">
        <metrics statements="4" coveredstatements="4" conditionals="0" coveredconditionals="0" methods="3" coveredmethods="3"/>
        <line num="9" count="1" type="stmt"/>
        <line num="10" count="1" type="stmt"/>
        <line num="13" count="1" type="stmt"/>
        <line num="14" count="4" type="stmt"/>
      </file>
    </package>
    <package name="src.usecases.usuario">
      <metrics statements="75" coveredstatements="75" conditionals="16" coveredconditionals="16" methods="14" coveredmethods="14"/>
      <file name="AtualizarSenha.ts" path="C:\Users\evand\OneDrive\Área de Trabalho\code-fire\packages\auth\src\usecases\usuario\AtualizarSenha.ts">
        <metrics statements="19" coveredstatements="19" conditionals="5" coveredconditionals="5" methods="2" coveredmethods="2"/>
        <line num="1" count="1" type="stmt"/>
        <line num="3" count="1" type="stmt"/>
        <line num="12" count="1" type="stmt"/>
        <line num="14" count="6" type="stmt"/>
        <line num="15" count="6" type="stmt"/>
        <line num="19" count="6" type="stmt"/>
        <line num="20" count="6" type="cond" truecount="1" falsecount="0"/>
        <line num="22" count="5" type="cond" truecount="1" falsecount="0"/>
        <line num="23" count="1" type="stmt"/>
        <line num="26" count="4" type="stmt"/>
        <line num="28" count="4" type="stmt"/>
        <line num="29" count="4" type="cond" truecount="1" falsecount="0"/>
        <line num="31" count="3" type="stmt"/>
        <line num="32" count="3" type="cond" truecount="1" falsecount="0"/>
        <line num="34" count="2" type="stmt"/>
        <line num="36" count="2" type="cond" truecount="1" falsecount="0"/>
        <line num="38" count="1" type="stmt"/>
        <line num="39" count="1" type="stmt"/>
        <line num="41" count="1" type="stmt"/>
      </file>
      <file name="AtualizarUsuario.ts" path="C:\Users\evand\OneDrive\Área de Trabalho\code-fire\packages\auth\src\usecases\usuario\AtualizarUsuario.ts">
        <metrics statements="8" coveredstatements="8" conditionals="1" coveredconditionals="1" methods="2" coveredmethods="2"/>
        <line num="1" count="1" type="stmt"/>
        <line num="12" count="1" type="stmt"/>
        <line num="14" count="2" type="stmt"/>
        <line num="17" count="2" type="stmt"/>
        <line num="19" count="2" type="stmt"/>
        <line num="20" count="2" type="cond" truecount="1" falsecount="0"/>
        <line num="22" count="1" type="stmt"/>
        <line num="27" count="1" type="stmt"/>
      </file>
      <file name="DesabilitarUsuario.ts" path="C:\Users\evand\OneDrive\Área de Trabalho\code-fire\packages\auth\src\usecases\usuario\DesabilitarUsuario.ts">
        <metrics statements="6" coveredstatements="6" conditionals="1" coveredconditionals="1" methods="2" coveredmethods="2"/>
        <line num="6" count="1" type="stmt"/>
        <line num="7" count="2" type="stmt"/>
        <line num="10" count="2" type="stmt"/>
        <line num="11" count="2" type="cond" truecount="1" falsecount="0"/>
        <line num="12" count="1" type="stmt"/>
        <line num="13" count="1" type="stmt"/>
      </file>
      <file name="HabilitarUsuario.ts" path="C:\Users\evand\OneDrive\Área de Trabalho\code-fire\packages\auth\src\usecases\usuario\HabilitarUsuario.ts">
        <metrics statements="6" coveredstatements="6" conditionals="1" coveredconditionals="1" methods="2" coveredmethods="2"/>
        <line num="6" count="1" type="stmt"/>
        <line num="7" count="2" type="stmt"/>
        <line num="10" count="2" type="stmt"/>
        <line num="11" count="2" type="cond" truecount="1" falsecount="0"/>
        <line num="12" count="1" type="stmt"/>
        <line num="13" count="1" type="stmt"/>
      </file>
      <file name="LoginUsuario.ts" path="C:\Users\evand\OneDrive\Área de Trabalho\code-fire\packages\auth\src\usecases\usuario\LoginUsuario.ts">
        <metrics statements="16" coveredstatements="16" conditionals="6" coveredconditionals="6" methods="2" coveredmethods="2"/>
        <line num="1" count="1" type="stmt"/>
        <line num="5" count="1" type="stmt"/>
        <line num="13" count="1" type="stmt"/>
        <line num="15" count="5" type="stmt"/>
        <line num="16" count="5" type="stmt"/>
        <line num="19" count="5" type="stmt"/>
        <line num="20" count="5" type="stmt"/>
        <line num="22" count="5" type="cond" truecount="1" falsecount="0"/>
        <line num="23" count="4" type="cond" truecount="1" falsecount="0"/>
        <line num="25" count="3" type="stmt"/>
        <line num="27" count="3" type="cond" truecount="3" falsecount="0"/>
        <line num="29" count="2" type="stmt"/>
        <line num="34" count="2" type="cond" truecount="1" falsecount="0"/>
        <line num="36" count="1" type="stmt"/>
        <line num="37" count="1" type="stmt"/>
        <line num="43" count="1" type="stmt"/>
      </file>
      <file name="RegistrarUsuario.ts" path="C:\Users\evand\OneDrive\Área de Trabalho\code-fire\packages\auth\src\usecases\usuario\RegistrarUsuario.ts">
        <metrics statements="17" coveredstatements="17" conditionals="2" coveredconditionals="2" methods="2" coveredmethods="2"/>
        <line num="1" count="1" type="stmt"/>
        <line num="2" count="1" type="stmt"/>
        <line num="5" count="1" type="stmt"/>
        <line num="15" count="1" type="stmt"/>
        <line num="17" count="4" type="stmt"/>
        <line num="18" count="4" type="stmt"/>
        <line num="22" count="6" type="cond" truecount="1" falsecount="0"/>
        <line num="23" count="1" type="stmt"/>
        <line num="26" count="5" type="stmt"/>
        <line num="27" count="4" type="stmt"/>
        <line num="28" count="4" type="stmt"/>
        <line num="29" count="4" type="stmt"/>
        <line num="31" count="4" type="stmt"/>
        <line num="33" count="4" type="stmt"/>
        <line num="34" count="4" type="cond" truecount="1" falsecount="0"/>
        <line num="36" count="3" type="stmt"/>
        <line num="43" count="3" type="stmt"/>
      </file>
      <file name="RemoverUsuario.ts" path="C:\Users\evand\OneDrive\Área de Trabalho\code-fire\packages\auth\src\usecases\usuario\RemoverUsuario.ts">
        <metrics statements="3" coveredstatements="3" conditionals="0" coveredconditionals="0" methods="2" coveredmethods="2"/>
        <line num="5" count="1" type="stmt"/>
        <line num="6" count="1" type="stmt"/>
        <line num="9" count="1" type="stmt"/>
      </file>
    </package>
    <package name="test.mock">
      <metrics statements="65" coveredstatements="62" conditionals="54" coveredconditionals="53" methods="44" coveredmethods="43"/>
      <file name="ProvedorCriptografiaMock.ts" path="C:\Users\evand\OneDrive\Área de Trabalho\code-fire\packages\auth\test\mock\ProvedorCriptografiaMock.ts">
        <metrics statements="19" coveredstatements="17" conditionals="10" coveredconditionals="9" methods="2" coveredmethods="2"/>
        <line num="3" count="3" type="stmt"/>
        <line num="5" count="5" type="stmt"/>
        <line num="6" count="5" type="stmt"/>
        <line num="7" count="5" type="stmt"/>
        <line num="8" count="5" type="stmt"/>
        <line num="9" count="5" type="cond" truecount="2" falsecount="0"/>
        <line num="10" count="4" type="stmt"/>
        <line num="11" count="1" type="cond" truecount="1" falsecount="0"/>
        <line num="12" count="1" type="stmt"/>
        <line num="14" count="0" type="stmt"/>
        <line num="17" count="4" type="stmt"/>
        <line num="18" count="4" type="stmt"/>
        <line num="19" count="4" type="stmt"/>
        <line num="20" count="4" type="stmt"/>
        <line num="21" count="4" type="cond" truecount="4" falsecount="0"/>
        <line num="22" count="2" type="stmt"/>
        <line num="23" count="2" type="cond" truecount="2" falsecount="1"/>
        <line num="24" count="0" type="stmt"/>
        <line num="26" count="2" type="stmt"/>
      </file>
      <file name="RepositorioPerfilMock.ts" path="C:\Users\evand\OneDrive\Área de Trabalho\code-fire\packages\auth\test\mock\RepositorioPerfilMock.ts">
        <metrics statements="16" coveredstatements="16" conditionals="16" coveredconditionals="16" methods="15" coveredmethods="15"/>
        <line num="4" count="5" type="stmt"/>
        <line num="5" count="18" type="cond" truecount="1" falsecount="0"/>
        <line num="8" count="2" type="cond" truecount="4" falsecount="0"/>
        <line num="9" count="1" type="stmt"/>
        <line num="14" count="13" type="cond" truecount="4" falsecount="0"/>
        <line num="19" count="1" type="stmt"/>
        <line num="23" count="14" type="cond" truecount="4" falsecount="0"/>
        <line num="27" count="5" type="stmt"/>
        <line num="31" count="4" type="stmt"/>
        <line num="34" count="1" type="stmt"/>
        <line num="35" count="1" type="cond" truecount="1" falsecount="0"/>
        <line num="36" count="1" type="stmt"/>
        <line num="41" count="9" type="stmt"/>
        <line num="42" count="9" type="cond" truecount="2" falsecount="0"/>
        <line num="43" count="4" type="stmt"/>
        <line num="45" count="5" type="stmt"/>
      </file>
      <file name="RepositorioPermissaoMock.ts" path="C:\Users\evand\OneDrive\Área de Trabalho\code-fire\packages\auth\test\mock\RepositorioPermissaoMock.ts">
        <metrics statements="14" coveredstatements="14" conditionals="12" coveredconditionals="12" methods="12" coveredmethods="12"/>
        <line num="3" count="7" type="stmt"/>
        <line num="4" count="22" type="cond" truecount="1" falsecount="0"/>
        <line num="7" count="7" type="cond" truecount="4" falsecount="0"/>
        <line num="12" count="1" type="stmt"/>
        <line num="16" count="19" type="cond" truecount="4" falsecount="0"/>
        <line num="20" count="2" type="stmt"/>
        <line num="24" count="2" type="stmt"/>
        <line num="28" count="1" type="stmt"/>
        <line num="29" count="1" type="cond" truecount="1" falsecount="0"/>
        <line num="30" count="1" type="stmt"/>
        <line num="35" count="4" type="stmt"/>
        <line num="36" count="4" type="cond" truecount="2" falsecount="0"/>
        <line num="37" count="2" type="stmt"/>
        <line num="39" count="2" type="stmt"/>
      </file>
      <file name="RepositorioUsuarioMock.ts" path="C:\Users\evand\OneDrive\Área de Trabalho\code-fire\packages\auth\test\mock\RepositorioUsuarioMock.ts">
        <metrics statements="16" coveredstatements="15" conditionals="16" coveredconditionals="16" methods="15" coveredmethods="14"/>
        <line num="4" count="8" type="stmt"/>
        <line num="5" count="25" type="cond" truecount="1" falsecount="0"/>
        <line num="8" count="2" type="cond" truecount="4" falsecount="0"/>
        <line num="9" count="1" type="stmt"/>
        <line num="14" count="0" type="stmt"/>
        <line num="18" count="15" type="cond" truecount="4" falsecount="0"/>
        <line num="22" count="10" type="cond" truecount="4" falsecount="0"/>
        <line num="26" count="3" type="stmt"/>
        <line num="30" count="4" type="stmt"/>
        <line num="34" count="1" type="stmt"/>
        <line num="35" count="1" type="cond" truecount="1" falsecount="0"/>
        <line num="36" count="1" type="stmt"/>
        <line num="41" count="7" type="stmt"/>
        <line num="42" count="7" type="cond" truecount="2" falsecount="0"/>
        <line num="43" count="4" type="stmt"/>
        <line num="45" count="3" type="stmt"/>
      </file>
    </package>
  </project>
</coverage>
