{"C:\\Users\\evand\\OneDrive\\Área de Trabalho\\code-fire\\packages\\auth\\src\\model\\Perfil.ts": {"path":"C:\\Users\\evand\\OneDrive\\Área de Trabalho\\code-fire\\packages\\auth\\src\\model\\Perfil.ts","statementMap":{"0":{"start":{"line":1,"column":0},"end":{"line":1,"column":54}},"1":{"start":{"line":17,"column":8},"end":{"line":17,"column":null}},"2":{"start":{"line":18,"column":8},"end":{"line":18,"column":null}},"3":{"start":{"line":19,"column":8},"end":{"line":19,"column":null}},"4":{"start":{"line":20,"column":8},"end":{"line":20,"column":null}},"5":{"start":{"line":21,"column":8},"end":{"line":21,"column":null}},"6":{"start":{"line":25,"column":8},"end":{"line":25,"column":null}},"7":{"start":{"line":29,"column":8},"end":{"line":29,"column":null}},"8":{"start":{"line":33,"column":30},"end":{"line":33,"column":48}},"9":{"start":{"line":34,"column":8},"end":{"line":34,"column":null}},"10":{"start":{"line":38,"column":8},"end":{"line":45,"column":9}},"11":{"start":{"line":39,"column":12},"end":{"line":39,"column":null}},"12":{"start":{"line":41,"column":29},"end":{"line":41,"column":89}},"13":{"start":{"line":41,"column":55},"end":{"line":41,"column":88}},"14":{"start":{"line":42,"column":12},"end":{"line":44,"column":13}},"15":{"start":{"line":43,"column":16},"end":{"line":43,"column":null}},"16":{"start":{"line":49,"column":8},"end":{"line":54,"column":9}},"17":{"start":{"line":50,"column":29},"end":{"line":50,"column":88}},"18":{"start":{"line":50,"column":55},"end":{"line":50,"column":87}},"19":{"start":{"line":51,"column":12},"end":{"line":53,"column":13}},"20":{"start":{"line":52,"column":16},"end":{"line":52,"column":null}},"21":{"start":{"line":52,"column":62},"end":{"line":52,"column":94}},"22":{"start":{"line":10,"column":0},"end":{"line":10,"column":21}}},"fnMap":{"0":{"name":"(anonymous_0)","decl":{"start":{"line":16,"column":4},"end":{"line":16,"column":16}},"loc":{"start":{"line":16,"column":34},"end":{"line":22,"column":5}}},"1":{"name":"(anonymous_1)","decl":{"start":{"line":24,"column":4},"end":{"line":24,"column":22}},"loc":{"start":{"line":24,"column":22},"end":{"line":26,"column":5}}},"2":{"name":"(anonymous_2)","decl":{"start":{"line":28,"column":4},"end":{"line":28,"column":8}},"loc":{"start":{"line":28,"column":21},"end":{"line":30,"column":5}}},"3":{"name":"(anonymous_3)","decl":{"start":{"line":32,"column":4},"end":{"line":32,"column":8}},"loc":{"start":{"line":32,"column":23},"end":{"line":35,"column":5}}},"4":{"name":"(anonymous_4)","decl":{"start":{"line":37,"column":4},"end":{"line":37,"column":21}},"loc":{"start":{"line":37,"column":42},"end":{"line":46,"column":5}}},"5":{"name":"(anonymous_5)","decl":{"start":{"line":41,"column":50},"end":{"line":41,"column":51}},"loc":{"start":{"line":41,"column":55},"end":{"line":41,"column":88}}},"6":{"name":"(anonymous_6)","decl":{"start":{"line":48,"column":4},"end":{"line":48,"column":20}},"loc":{"start":{"line":48,"column":40},"end":{"line":55,"column":5}}},"7":{"name":"(anonymous_7)","decl":{"start":{"line":50,"column":50},"end":{"line":50,"column":51}},"loc":{"start":{"line":50,"column":55},"end":{"line":50,"column":87}}},"8":{"name":"(anonymous_8)","decl":{"start":{"line":52,"column":57},"end":{"line":52,"column":58}},"loc":{"start":{"line":52,"column":62},"end":{"line":52,"column":94}}}},"branchMap":{"0":{"loc":{"start":{"line":21,"column":21},"end":{"line":21,"column":53}},"type":"cond-expr","locations":[{"start":{"line":21,"column":35},"end":{"line":21,"column":46}},{"start":{"line":21,"column":49},"end":{"line":21,"column":53}}]},"1":{"loc":{"start":{"line":34,"column":15},"end":{"line":34,"column":46}},"type":"cond-expr","locations":[{"start":{"line":34,"column":35},"end":{"line":34,"column":39}},{"start":{"line":34,"column":41},"end":{"line":34,"column":46}}]},"2":{"loc":{"start":{"line":38,"column":8},"end":{"line":45,"column":9}},"type":"if","locations":[{"start":{"line":38,"column":8},"end":{"line":45,"column":9}},{"start":{"line":40,"column":15},"end":{"line":45,"column":9}}]},"3":{"loc":{"start":{"line":42,"column":12},"end":{"line":44,"column":13}},"type":"if","locations":[{"start":{"line":42,"column":12},"end":{"line":44,"column":13}}]},"4":{"loc":{"start":{"line":49,"column":8},"end":{"line":54,"column":9}},"type":"if","locations":[{"start":{"line":49,"column":8},"end":{"line":54,"column":9}}]},"5":{"loc":{"start":{"line":51,"column":12},"end":{"line":53,"column":13}},"type":"if","locations":[{"start":{"line":51,"column":12},"end":{"line":53,"column":13}}]}},"s":{"0":3,"1":17,"2":17,"3":17,"4":17,"5":17,"6":3,"7":18,"8":11,"9":11,"10":9,"11":6,"12":3,"13":3,"14":3,"15":2,"16":2,"17":2,"18":2,"19":2,"20":1,"21":2,"22":3},"f":{"0":17,"1":3,"2":18,"3":11,"4":9,"5":3,"6":2,"7":2,"8":2},"b":{"0":[16,1],"1":[5,6],"2":[6,3],"3":[2],"4":[2],"5":[1]}}
,"C:\\Users\\evand\\OneDrive\\Área de Trabalho\\code-fire\\packages\\auth\\src\\model\\Permissao.ts": {"path":"C:\\Users\\evand\\OneDrive\\Área de Trabalho\\code-fire\\packages\\auth\\src\\model\\Permissao.ts","statementMap":{"0":{"start":{"line":1,"column":0},"end":{"line":1,"column":54}},"1":{"start":{"line":16,"column":8},"end":{"line":16,"column":null}},"2":{"start":{"line":18,"column":8},"end":{"line":18,"column":null}},"3":{"start":{"line":19,"column":8},"end":{"line":19,"column":null}},"4":{"start":{"line":20,"column":8},"end":{"line":20,"column":null}},"5":{"start":{"line":21,"column":8},"end":{"line":21,"column":null}},"6":{"start":{"line":9,"column":0},"end":{"line":9,"column":21}}},"fnMap":{"0":{"name":"(anonymous_0)","decl":{"start":{"line":15,"column":4},"end":{"line":15,"column":16}},"loc":{"start":{"line":15,"column":37},"end":{"line":22,"column":5}}}},"branchMap":{"0":{"loc":{"start":{"line":20,"column":21},"end":{"line":20,"column":40}},"type":"cond-expr","locations":[{"start":{"line":20,"column":32},"end":{"line":20,"column":36}},{"start":{"line":20,"column":36},"end":{"line":20,"column":40}}]},"1":{"loc":{"start":{"line":20,"column":21},"end":{"line":20,"column":36}},"type":"binary-expr","locations":[{"start":{"line":20,"column":21},"end":{"line":20,"column":36}},{"start":{"line":20,"column":32},"end":{"line":20,"column":36}}]}},"s":{"0":3,"1":15,"2":15,"3":15,"4":15,"5":15,"6":3},"f":{"0":15},"b":{"0":[12,3],"1":[15,15]}}
,"C:\\Users\\evand\\OneDrive\\Área de Trabalho\\code-fire\\packages\\auth\\src\\model\\Usuario.ts": {"path":"C:\\Users\\evand\\OneDrive\\Área de Trabalho\\code-fire\\packages\\auth\\src\\model\\Usuario.ts","statementMap":{"0":{"start":{"line":1,"column":0},"end":{"line":1,"column":84}},"1":{"start":{"line":2,"column":0},"end":{"line":2,"column":46}},"2":{"start":{"line":31,"column":8},"end":{"line":31,"column":null}},"3":{"start":{"line":32,"column":8},"end":{"line":32,"column":null}},"4":{"start":{"line":33,"column":8},"end":{"line":33,"column":null}},"5":{"start":{"line":34,"column":8},"end":{"line":34,"column":null}},"6":{"start":{"line":35,"column":8},"end":{"line":35,"column":null}},"7":{"start":{"line":36,"column":8},"end":{"line":36,"column":null}},"8":{"start":{"line":37,"column":8},"end":{"line":37,"column":null}},"9":{"start":{"line":38,"column":8},"end":{"line":38,"column":null}},"10":{"start":{"line":39,"column":8},"end":{"line":39,"column":null}},"11":{"start":{"line":40,"column":8},"end":{"line":40,"column":null}},"12":{"start":{"line":41,"column":8},"end":{"line":41,"column":null}},"13":{"start":{"line":42,"column":8},"end":{"line":42,"column":null}},"14":{"start":{"line":46,"column":8},"end":{"line":46,"column":null}},"15":{"start":{"line":50,"column":8},"end":{"line":50,"column":null}},"16":{"start":{"line":54,"column":27},"end":{"line":54,"column":42}},"17":{"start":{"line":55,"column":8},"end":{"line":55,"column":null}},"18":{"start":{"line":59,"column":8},"end":{"line":66,"column":9}},"19":{"start":{"line":60,"column":12},"end":{"line":60,"column":null}},"20":{"start":{"line":62,"column":29},"end":{"line":62,"column":82}},"21":{"start":{"line":62,"column":51},"end":{"line":62,"column":81}},"22":{"start":{"line":63,"column":12},"end":{"line":65,"column":13}},"23":{"start":{"line":64,"column":16},"end":{"line":64,"column":null}},"24":{"start":{"line":70,"column":8},"end":{"line":75,"column":9}},"25":{"start":{"line":71,"column":29},"end":{"line":71,"column":82}},"26":{"start":{"line":71,"column":51},"end":{"line":71,"column":81}},"27":{"start":{"line":72,"column":12},"end":{"line":74,"column":13}},"28":{"start":{"line":73,"column":16},"end":{"line":73,"column":null}},"29":{"start":{"line":73,"column":54},"end":{"line":73,"column":84}},"30":{"start":{"line":79,"column":8},"end":{"line":79,"column":null}},"31":{"start":{"line":17,"column":0},"end":{"line":17,"column":21}}},"fnMap":{"0":{"name":"(anonymous_1)","decl":{"start":{"line":30,"column":4},"end":{"line":30,"column":16}},"loc":{"start":{"line":30,"column":35},"end":{"line":43,"column":5}}},"1":{"name":"(anonymous_2)","decl":{"start":{"line":45,"column":4},"end":{"line":45,"column":8}},"loc":{"start":{"line":45,"column":19},"end":{"line":47,"column":5}}},"2":{"name":"(anonymous_3)","decl":{"start":{"line":49,"column":4},"end":{"line":49,"column":8}},"loc":{"start":{"line":49,"column":18},"end":{"line":51,"column":5}}},"3":{"name":"(anonymous_4)","decl":{"start":{"line":53,"column":4},"end":{"line":53,"column":8}},"loc":{"start":{"line":53,"column":20},"end":{"line":56,"column":5}}},"4":{"name":"(anonymous_5)","decl":{"start":{"line":58,"column":4},"end":{"line":58,"column":18}},"loc":{"start":{"line":58,"column":33},"end":{"line":67,"column":5}}},"5":{"name":"(anonymous_6)","decl":{"start":{"line":62,"column":46},"end":{"line":62,"column":47}},"loc":{"start":{"line":62,"column":51},"end":{"line":62,"column":81}}},"6":{"name":"(anonymous_7)","decl":{"start":{"line":69,"column":4},"end":{"line":69,"column":17}},"loc":{"start":{"line":69,"column":32},"end":{"line":76,"column":5}}},"7":{"name":"(anonymous_8)","decl":{"start":{"line":71,"column":46},"end":{"line":71,"column":47}},"loc":{"start":{"line":71,"column":51},"end":{"line":71,"column":81}}},"8":{"name":"(anonymous_9)","decl":{"start":{"line":73,"column":49},"end":{"line":73,"column":50}},"loc":{"start":{"line":73,"column":54},"end":{"line":73,"column":84}}},"9":{"name":"(anonymous_10)","decl":{"start":{"line":78,"column":4},"end":{"line":78,"column":12}},"loc":{"start":{"line":78,"column":12},"end":{"line":80,"column":5}}}},"branchMap":{"0":{"loc":{"start":{"line":34,"column":21},"end":{"line":34,"column":68}},"type":"cond-expr","locations":[{"start":{"line":34,"column":35},"end":{"line":34,"column":61}},{"start":{"line":34,"column":64},"end":{"line":34,"column":68}}]},"1":{"loc":{"start":{"line":35,"column":23},"end":{"line":35,"column":72}},"type":"cond-expr","locations":[{"start":{"line":35,"column":39},"end":{"line":35,"column":65}},{"start":{"line":35,"column":68},"end":{"line":35,"column":72}}]},"2":{"loc":{"start":{"line":36,"column":25},"end":{"line":36,"column":72}},"type":"cond-expr","locations":[{"start":{"line":36,"column":41},"end":{"line":36,"column":65}},{"start":{"line":36,"column":68},"end":{"line":36,"column":72}}]},"3":{"loc":{"start":{"line":38,"column":21},"end":{"line":38,"column":53}},"type":"cond-expr","locations":[{"start":{"line":38,"column":35},"end":{"line":38,"column":46}},{"start":{"line":38,"column":49},"end":{"line":38,"column":53}}]},"4":{"loc":{"start":{"line":39,"column":37},"end":{"line":39,"column":70}},"type":"cond-expr","locations":[{"start":{"line":39,"column":64},"end":{"line":39,"column":68}},{"start":{"line":39,"column":68},"end":{"line":39,"column":70}}]},"5":{"loc":{"start":{"line":39,"column":37},"end":{"line":39,"column":68}},"type":"binary-expr","locations":[{"start":{"line":39,"column":37},"end":{"line":39,"column":68}},{"start":{"line":39,"column":64},"end":{"line":39,"column":68}}]},"6":{"loc":{"start":{"line":40,"column":34},"end":{"line":40,"column":92}},"type":"cond-expr","locations":[{"start":{"line":40,"column":61},"end":{"line":40,"column":85}},{"start":{"line":40,"column":88},"end":{"line":40,"column":92}}]},"7":{"loc":{"start":{"line":41,"column":39},"end":{"line":41,"column":108}},"type":"cond-expr","locations":[{"start":{"line":41,"column":71},"end":{"line":41,"column":100}},{"start":{"line":41,"column":103},"end":{"line":41,"column":108}}]},"8":{"loc":{"start":{"line":55,"column":15},"end":{"line":55,"column":44}},"type":"cond-expr","locations":[{"start":{"line":55,"column":32},"end":{"line":55,"column":36}},{"start":{"line":55,"column":39},"end":{"line":55,"column":44}}]},"9":{"loc":{"start":{"line":59,"column":8},"end":{"line":66,"column":9}},"type":"if","locations":[{"start":{"line":59,"column":8},"end":{"line":66,"column":9}},{"start":{"line":61,"column":15},"end":{"line":66,"column":9}}]},"10":{"loc":{"start":{"line":63,"column":12},"end":{"line":65,"column":13}},"type":"if","locations":[{"start":{"line":63,"column":12},"end":{"line":65,"column":13}}]},"11":{"loc":{"start":{"line":70,"column":8},"end":{"line":75,"column":9}},"type":"if","locations":[{"start":{"line":70,"column":8},"end":{"line":75,"column":9}}]},"12":{"loc":{"start":{"line":72,"column":12},"end":{"line":74,"column":13}},"type":"if","locations":[{"start":{"line":72,"column":12},"end":{"line":74,"column":13}}]}},"s":{"0":2,"1":2,"2":10,"3":10,"4":10,"5":10,"6":10,"7":10,"8":10,"9":10,"10":10,"11":10,"12":10,"13":10,"14":3,"15":19,"16":11,"17":11,"18":9,"19":6,"20":3,"21":3,"22":3,"23":2,"24":2,"25":2,"26":2,"27":2,"28":1,"29":2,"30":1,"31":2},"f":{"0":10,"1":3,"2":19,"3":11,"4":9,"5":3,"6":2,"7":2,"8":2,"9":1},"b":{"0":[8,2],"1":[9,1],"2":[9,1],"3":[9,1],"4":[9,1],"5":[10,10],"6":[9,1],"7":[9,1],"8":[5,6],"9":[6,3],"10":[2],"11":[2],"12":[1]}}
,"C:\\Users\\evand\\OneDrive\\Área de Trabalho\\code-fire\\packages\\auth\\src\\model\\index.ts": {"path":"C:\\Users\\evand\\OneDrive\\Área de Trabalho\\code-fire\\packages\\auth\\src\\model\\index.ts","statementMap":{"0":{"start":{"line":1,"column":0},"end":{"line":1,"column":7}},"1":{"start":{"line":6,"column":4},"end":{"line":1,"column":35}},"2":{"start":{"line":2,"column":0},"end":{"line":2,"column":7}},"3":{"start":{"line":7,"column":4},"end":{"line":2,"column":29}},"4":{"start":{"line":3,"column":0},"end":{"line":3,"column":7}},"5":{"start":{"line":8,"column":4},"end":{"line":3,"column":31}}},"fnMap":{},"branchMap":{},"s":{"0":1,"1":1,"2":1,"3":1,"4":1,"5":1},"f":{},"b":{}}
,"C:\\Users\\evand\\OneDrive\\Área de Trabalho\\code-fire\\packages\\auth\\src\\model\\obj-valor\\SenhaForte.ts": {"path":"C:\\Users\\evand\\OneDrive\\Área de Trabalho\\code-fire\\packages\\auth\\src\\model\\obj-valor\\SenhaForte.ts","statementMap":{"0":{"start":{"line":4,"column":8},"end":{"line":6,"column":9}},"1":{"start":{"line":5,"column":12},"end":{"line":5,"column":null}},"2":{"start":{"line":7,"column":8},"end":{"line":7,"column":null}},"3":{"start":{"line":10,"column":22},"end":{"line":10,"column":86}},"4":{"start":{"line":11,"column":8},"end":{"line":11,"column":null}},"5":{"start":{"line":1,"column":0},"end":{"line":1,"column":21}}},"fnMap":{"0":{"name":"(anonymous_0)","decl":{"start":{"line":3,"column":4},"end":{"line":3,"column":16}},"loc":{"start":{"line":3,"column":29},"end":{"line":8,"column":5}}},"1":{"name":"(anonymous_1)","decl":{"start":{"line":9,"column":4},"end":{"line":9,"column":10}},"loc":{"start":{"line":9,"column":33},"end":{"line":12,"column":5}}}},"branchMap":{"0":{"loc":{"start":{"line":4,"column":8},"end":{"line":6,"column":9}},"type":"if","locations":[{"start":{"line":4,"column":8},"end":{"line":6,"column":9}}]}},"s":{"0":6,"1":5,"2":1,"3":8,"4":8,"5":1},"f":{"0":6,"1":8},"b":{"0":[5]}}
,"C:\\Users\\evand\\OneDrive\\Área de Trabalho\\code-fire\\packages\\auth\\src\\model\\obj-valor\\SenhaHash.ts": {"path":"C:\\Users\\evand\\OneDrive\\Área de Trabalho\\code-fire\\packages\\auth\\src\\model\\obj-valor\\SenhaHash.ts","statementMap":{"0":{"start":{"line":5,"column":8},"end":{"line":7,"column":9}},"1":{"start":{"line":6,"column":12},"end":{"line":6,"column":null}},"2":{"start":{"line":8,"column":8},"end":{"line":8,"column":null}},"3":{"start":{"line":11,"column":22},"end":{"line":11,"column":65}},"4":{"start":{"line":12,"column":8},"end":{"line":12,"column":null}},"5":{"start":{"line":1,"column":0},"end":{"line":1,"column":21}}},"fnMap":{"0":{"name":"(anonymous_0)","decl":{"start":{"line":4,"column":4},"end":{"line":4,"column":16}},"loc":{"start":{"line":4,"column":29},"end":{"line":9,"column":5}}},"1":{"name":"(anonymous_1)","decl":{"start":{"line":10,"column":4},"end":{"line":10,"column":10}},"loc":{"start":{"line":10,"column":37},"end":{"line":13,"column":5}}}},"branchMap":{"0":{"loc":{"start":{"line":5,"column":8},"end":{"line":7,"column":9}},"type":"if","locations":[{"start":{"line":5,"column":8},"end":{"line":7,"column":9}}]}},"s":{"0":16,"1":4,"2":12,"3":19,"4":19,"5":3},"f":{"0":16,"1":19},"b":{"0":[4]}}
,"C:\\Users\\evand\\OneDrive\\Área de Trabalho\\code-fire\\packages\\auth\\test\\mock\\RepositorioPermissaoMock.ts": {"path":"C:\\Users\\evand\\OneDrive\\Área de Trabalho\\code-fire\\packages\\auth\\test\\mock\\RepositorioPermissaoMock.ts","statementMap":{"0":{"start":{"line":5,"column":33},"end":{"line":5,"column":59}},"1":{"start":{"line":8,"column":8},"end":{"line":8,"column":null}},"2":{"start":{"line":12,"column":7},"end":{"line":12,"column":null}},"3":{"start":{"line":12,"column":42},"end":{"line":12,"column":65}},"4":{"start":{"line":16,"column":8},"end":{"line":16,"column":null}},"5":{"start":{"line":20,"column":7},"end":{"line":20,"column":null}},"6":{"start":{"line":24,"column":21},"end":{"line":24,"column":78}},"7":{"start":{"line":24,"column":54},"end":{"line":24,"column":77}},"8":{"start":{"line":25,"column":7},"end":{"line":27,"column":8}},"9":{"start":{"line":26,"column":12},"end":{"line":26,"column":null}},"10":{"start":{"line":31,"column":22},"end":{"line":31,"column":89}},"11":{"start":{"line":31,"column":55},"end":{"line":31,"column":88}},"12":{"start":{"line":32,"column":8},"end":{"line":36,"column":9}},"13":{"start":{"line":33,"column":12},"end":{"line":33,"column":null}},"14":{"start":{"line":35,"column":12},"end":{"line":35,"column":null}},"15":{"start":{"line":4,"column":0},"end":{"line":4,"column":13}}},"fnMap":{"0":{"name":"(anonymous_7)","decl":{"start":{"line":5,"column":4},"end":{"line":5,"column":33}},"loc":{"start":{"line":5,"column":61},"end":{"line":5,"column":66}}},"1":{"name":"(anonymous_8)","decl":{"start":{"line":7,"column":10},"end":{"line":7,"column":25}},"loc":{"start":{"line":7,"column":25},"end":{"line":9,"column":null}}},"2":{"name":"(anonymous_10)","decl":{"start":{"line":11,"column":10},"end":{"line":11,"column":29}},"loc":{"start":{"line":11,"column":36},"end":{"line":13,"column":null}}},"3":{"name":"(anonymous_12)","decl":{"start":{"line":12,"column":35},"end":{"line":12,"column":36}},"loc":{"start":{"line":12,"column":42},"end":{"line":12,"column":65}}},"4":{"name":"(anonymous_13)","decl":{"start":{"line":15,"column":10},"end":{"line":15,"column":24}},"loc":{"start":{"line":15,"column":45},"end":{"line":17,"column":null}}},"5":{"name":"(anonymous_15)","decl":{"start":{"line":19,"column":10},"end":{"line":19,"column":25}},"loc":{"start":{"line":19,"column":46},"end":{"line":21,"column":null}}},"6":{"name":"(anonymous_17)","decl":{"start":{"line":23,"column":10},"end":{"line":23,"column":26}},"loc":{"start":{"line":23,"column":33},"end":{"line":28,"column":null}}},"7":{"name":"(anonymous_19)","decl":{"start":{"line":24,"column":47},"end":{"line":24,"column":48}},"loc":{"start":{"line":24,"column":54},"end":{"line":24,"column":77}}},"8":{"name":"(anonymous_20)","decl":{"start":{"line":30,"column":12},"end":{"line":30,"column":19}},"loc":{"start":{"line":30,"column":40},"end":{"line":37,"column":5}}},"9":{"name":"(anonymous_21)","decl":{"start":{"line":31,"column":48},"end":{"line":31,"column":49}},"loc":{"start":{"line":31,"column":55},"end":{"line":31,"column":88}}}},"branchMap":{"0":{"loc":{"start":{"line":5,"column":33},"end":{"line":5,"column":61}},"type":"default-arg","locations":[{"start":{"line":5,"column":59},"end":{"line":5,"column":61}}]},"1":{"loc":{"start":{"line":12,"column":14},"end":{"line":12,"column":74}},"type":"cond-expr","locations":[{"start":{"line":12,"column":66},"end":{"line":12,"column":70}},{"start":{"line":12,"column":70},"end":{"line":12,"column":74}}]},"2":{"loc":{"start":{"line":12,"column":14},"end":{"line":12,"column":70}},"type":"binary-expr","locations":[{"start":{"line":12,"column":14},"end":{"line":12,"column":70}},{"start":{"line":12,"column":66},"end":{"line":12,"column":70}}]},"3":{"loc":{"start":{"line":25,"column":7},"end":{"line":27,"column":8}},"type":"if","locations":[{"start":{"line":25,"column":7},"end":{"line":27,"column":8}}]},"4":{"loc":{"start":{"line":32,"column":8},"end":{"line":36,"column":9}},"type":"if","locations":[{"start":{"line":32,"column":8},"end":{"line":36,"column":9}},{"start":{"line":34,"column":13},"end":{"line":36,"column":9}}]}},"s":{"0":1,"1":0,"2":1,"3":1,"4":1,"5":0,"6":0,"7":0,"8":0,"9":0,"10":1,"11":0,"12":1,"13":0,"14":1,"15":1},"f":{"0":1,"1":0,"2":1,"3":1,"4":1,"5":0,"6":0,"7":0,"8":1,"9":0},"b":{"0":[1],"1":[0,1],"2":[1,1],"3":[0],"4":[0,1]}}
}
