{"C:\\Users\\evand\\OneDrive\\Área de Trabalho\\code-fire\\packages\\auth\\src\\index.ts": {"path":"C:\\Users\\evand\\OneDrive\\Área de Trabalho\\code-fire\\packages\\auth\\src\\index.ts","statementMap":{"0":{"start":{"line":1,"column":0},"end":{"line":1,"column":26}},"1":{"start":{"line":2,"column":0},"end":{"line":2,"column":23}}},"fnMap":{},"branchMap":{},"s":{"0":13,"1":13},"f":{},"b":{}}
,"C:\\Users\\evand\\OneDrive\\Área de Trabalho\\code-fire\\packages\\auth\\src\\model\\Perfil.ts": {"path":"C:\\Users\\evand\\OneDrive\\Área de Trabalho\\code-fire\\packages\\auth\\src\\model\\Perfil.ts","statementMap":{"0":{"start":{"line":1,"column":0},"end":{"line":1,"column":54}},"1":{"start":{"line":17,"column":8},"end":{"line":17,"column":null}},"2":{"start":{"line":18,"column":8},"end":{"line":18,"column":null}},"3":{"start":{"line":19,"column":8},"end":{"line":19,"column":null}},"4":{"start":{"line":20,"column":8},"end":{"line":20,"column":null}},"5":{"start":{"line":21,"column":8},"end":{"line":21,"column":null}},"6":{"start":{"line":25,"column":8},"end":{"line":25,"column":null}},"7":{"start":{"line":29,"column":8},"end":{"line":29,"column":null}},"8":{"start":{"line":33,"column":30},"end":{"line":33,"column":48}},"9":{"start":{"line":34,"column":8},"end":{"line":34,"column":null}},"10":{"start":{"line":38,"column":8},"end":{"line":38,"column":null}},"11":{"start":{"line":41,"column":8},"end":{"line":41,"column":null}},"12":{"start":{"line":45,"column":8},"end":{"line":52,"column":9}},"13":{"start":{"line":46,"column":12},"end":{"line":46,"column":null}},"14":{"start":{"line":48,"column":29},"end":{"line":48,"column":91}},"15":{"start":{"line":48,"column":55},"end":{"line":48,"column":90}},"16":{"start":{"line":49,"column":12},"end":{"line":51,"column":13}},"17":{"start":{"line":50,"column":16},"end":{"line":50,"column":null}},"18":{"start":{"line":56,"column":8},"end":{"line":61,"column":9}},"19":{"start":{"line":57,"column":29},"end":{"line":57,"column":90}},"20":{"start":{"line":57,"column":55},"end":{"line":57,"column":89}},"21":{"start":{"line":58,"column":12},"end":{"line":60,"column":13}},"22":{"start":{"line":59,"column":16},"end":{"line":59,"column":null}},"23":{"start":{"line":59,"column":62},"end":{"line":59,"column":96}},"24":{"start":{"line":10,"column":0},"end":{"line":10,"column":21}}},"fnMap":{"0":{"name":"(anonymous_0)","decl":{"start":{"line":16,"column":4},"end":{"line":16,"column":16}},"loc":{"start":{"line":16,"column":34},"end":{"line":22,"column":5}}},"1":{"name":"(anonymous_1)","decl":{"start":{"line":24,"column":4},"end":{"line":24,"column":8}},"loc":{"start":{"line":24,"column":23},"end":{"line":26,"column":5}}},"2":{"name":"(anonymous_2)","decl":{"start":{"line":28,"column":4},"end":{"line":28,"column":8}},"loc":{"start":{"line":28,"column":21},"end":{"line":30,"column":5}}},"3":{"name":"(anonymous_3)","decl":{"start":{"line":32,"column":4},"end":{"line":32,"column":8}},"loc":{"start":{"line":32,"column":23},"end":{"line":35,"column":5}}},"4":{"name":"(anonymous_4)","decl":{"start":{"line":37,"column":4},"end":{"line":37,"column":17}},"loc":{"start":{"line":37,"column":17},"end":{"line":39,"column":5}}},"5":{"name":"(anonymous_5)","decl":{"start":{"line":40,"column":4},"end":{"line":40,"column":22}},"loc":{"start":{"line":40,"column":22},"end":{"line":42,"column":5}}},"6":{"name":"(anonymous_6)","decl":{"start":{"line":44,"column":4},"end":{"line":44,"column":22}},"loc":{"start":{"line":44,"column":43},"end":{"line":53,"column":5}}},"7":{"name":"(anonymous_7)","decl":{"start":{"line":48,"column":50},"end":{"line":48,"column":51}},"loc":{"start":{"line":48,"column":55},"end":{"line":48,"column":90}}},"8":{"name":"(anonymous_8)","decl":{"start":{"line":55,"column":4},"end":{"line":55,"column":20}},"loc":{"start":{"line":55,"column":40},"end":{"line":62,"column":5}}},"9":{"name":"(anonymous_9)","decl":{"start":{"line":57,"column":50},"end":{"line":57,"column":51}},"loc":{"start":{"line":57,"column":55},"end":{"line":57,"column":89}}},"10":{"name":"(anonymous_10)","decl":{"start":{"line":59,"column":57},"end":{"line":59,"column":58}},"loc":{"start":{"line":59,"column":62},"end":{"line":59,"column":96}}}},"branchMap":{"0":{"loc":{"start":{"line":21,"column":21},"end":{"line":21,"column":53}},"type":"cond-expr","locations":[{"start":{"line":21,"column":35},"end":{"line":21,"column":46}},{"start":{"line":21,"column":49},"end":{"line":21,"column":53}}]},"1":{"loc":{"start":{"line":34,"column":15},"end":{"line":34,"column":46}},"type":"cond-expr","locations":[{"start":{"line":34,"column":35},"end":{"line":34,"column":39}},{"start":{"line":34,"column":41},"end":{"line":34,"column":46}}]},"2":{"loc":{"start":{"line":45,"column":8},"end":{"line":52,"column":9}},"type":"if","locations":[{"start":{"line":45,"column":8},"end":{"line":52,"column":9}},{"start":{"line":47,"column":15},"end":{"line":52,"column":9}}]},"3":{"loc":{"start":{"line":49,"column":12},"end":{"line":51,"column":13}},"type":"if","locations":[{"start":{"line":49,"column":12},"end":{"line":51,"column":13}}]},"4":{"loc":{"start":{"line":56,"column":8},"end":{"line":61,"column":9}},"type":"if","locations":[{"start":{"line":56,"column":8},"end":{"line":61,"column":9}}]},"5":{"loc":{"start":{"line":58,"column":12},"end":{"line":60,"column":13}},"type":"if","locations":[{"start":{"line":58,"column":12},"end":{"line":60,"column":13}}]}},"s":{"0":17,"1":39,"2":39,"3":39,"4":39,"5":39,"6":13,"7":42,"8":30,"9":30,"10":21,"11":6,"12":28,"13":16,"14":12,"15":16,"16":12,"17":11,"18":2,"19":2,"20":2,"21":2,"22":1,"23":2,"24":17},"f":{"0":39,"1":13,"2":42,"3":30,"4":21,"5":6,"6":28,"7":16,"8":2,"9":2,"10":2},"b":{"0":[16,23],"1":[14,16],"2":[16,12],"3":[11],"4":[2],"5":[1]}}
,"C:\\Users\\evand\\OneDrive\\Área de Trabalho\\code-fire\\packages\\auth\\src\\model\\Permissao.ts": {"path":"C:\\Users\\evand\\OneDrive\\Área de Trabalho\\code-fire\\packages\\auth\\src\\model\\Permissao.ts","statementMap":{"0":{"start":{"line":1,"column":0},"end":{"line":1,"column":54}},"1":{"start":{"line":16,"column":8},"end":{"line":16,"column":null}},"2":{"start":{"line":18,"column":8},"end":{"line":18,"column":null}},"3":{"start":{"line":19,"column":8},"end":{"line":19,"column":null}},"4":{"start":{"line":20,"column":8},"end":{"line":20,"column":null}},"5":{"start":{"line":21,"column":8},"end":{"line":21,"column":null}},"6":{"start":{"line":25,"column":8},"end":{"line":25,"column":null}},"7":{"start":{"line":29,"column":8},"end":{"line":29,"column":null}},"8":{"start":{"line":33,"column":8},"end":{"line":33,"column":null}},"9":{"start":{"line":9,"column":0},"end":{"line":9,"column":21}}},"fnMap":{"0":{"name":"(anonymous_0)","decl":{"start":{"line":15,"column":4},"end":{"line":15,"column":16}},"loc":{"start":{"line":15,"column":37},"end":{"line":22,"column":5}}},"1":{"name":"(anonymous_1)","decl":{"start":{"line":24,"column":4},"end":{"line":24,"column":20}},"loc":{"start":{"line":24,"column":20},"end":{"line":26,"column":5}}},"2":{"name":"(anonymous_2)","decl":{"start":{"line":28,"column":4},"end":{"line":28,"column":25}},"loc":{"start":{"line":28,"column":25},"end":{"line":30,"column":5}}},"3":{"name":"(anonymous_3)","decl":{"start":{"line":32,"column":4},"end":{"line":32,"column":8}},"loc":{"start":{"line":32,"column":13},"end":{"line":34,"column":5}}}},"branchMap":{"0":{"loc":{"start":{"line":20,"column":22},"end":{"line":20,"column":41}},"type":"cond-expr","locations":[{"start":{"line":20,"column":33},"end":{"line":20,"column":37}},{"start":{"line":20,"column":37},"end":{"line":20,"column":41}}]},"1":{"loc":{"start":{"line":20,"column":22},"end":{"line":20,"column":37}},"type":"binary-expr","locations":[{"start":{"line":20,"column":22},"end":{"line":20,"column":37}},{"start":{"line":20,"column":33},"end":{"line":20,"column":37}}]}},"s":{"0":17,"1":41,"2":41,"3":41,"4":41,"5":41,"6":35,"7":16,"8":1,"9":17},"f":{"0":41,"1":35,"2":16,"3":1},"b":{"0":[11,30],"1":[41,41]}}
,"C:\\Users\\evand\\OneDrive\\Área de Trabalho\\code-fire\\packages\\auth\\src\\model\\TokenJwt.ts": {"path":"C:\\Users\\evand\\OneDrive\\Área de Trabalho\\code-fire\\packages\\auth\\src\\model\\TokenJwt.ts","statementMap":{"0":{"start":{"line":1,"column":0},"end":{"line":1,"column":30}},"1":{"start":{"line":2,"column":0},"end":{"line":2,"column":20}},"2":{"start":{"line":3,"column":0},"end":{"line":3,"column":24}},"3":{"start":{"line":11,"column":8},"end":{"line":11,"column":null}},"4":{"start":{"line":15,"column":8},"end":{"line":20,"column":9}},"5":{"start":{"line":16,"column":12},"end":{"line":16,"column":73}},"6":{"start":{"line":17,"column":12},"end":{"line":17,"column":null}},"7":{"start":{"line":19,"column":12},"end":{"line":19,"column":null}},"8":{"start":{"line":6,"column":11},"end":{"line":6,"column":21}},"9":{"start":{"line":7,"column":11},"end":{"line":7,"column":24}},"10":{"start":{"line":8,"column":11},"end":{"line":8,"column":23}},"11":{"start":{"line":5,"column":21},"end":{"line":5,"column":null}}},"fnMap":{"0":{"name":"(anonymous_1)","decl":{"start":{"line":10,"column":4},"end":{"line":10,"column":10}},"loc":{"start":{"line":10,"column":46},"end":{"line":12,"column":5}}},"1":{"name":"(anonymous_2)","decl":{"start":{"line":14,"column":4},"end":{"line":14,"column":10}},"loc":{"start":{"line":14,"column":37},"end":{"line":21,"column":5}}}},"branchMap":{},"s":{"0":1,"1":1,"2":1,"3":1,"4":0,"5":0,"6":0,"7":0,"8":1,"9":1,"10":1,"11":1},"f":{"0":1,"1":0},"b":{}}
,"C:\\Users\\evand\\OneDrive\\Área de Trabalho\\code-fire\\packages\\auth\\src\\model\\Usuario.ts": {"path":"C:\\Users\\evand\\OneDrive\\Área de Trabalho\\code-fire\\packages\\auth\\src\\model\\Usuario.ts","statementMap":{"0":{"start":{"line":1,"column":0},"end":{"line":1,"column":84}},"1":{"start":{"line":2,"column":0},"end":{"line":2,"column":46}},"2":{"start":{"line":31,"column":8},"end":{"line":31,"column":null}},"3":{"start":{"line":32,"column":8},"end":{"line":32,"column":null}},"4":{"start":{"line":33,"column":8},"end":{"line":33,"column":null}},"5":{"start":{"line":34,"column":8},"end":{"line":34,"column":null}},"6":{"start":{"line":35,"column":8},"end":{"line":35,"column":null}},"7":{"start":{"line":36,"column":8},"end":{"line":36,"column":null}},"8":{"start":{"line":37,"column":8},"end":{"line":37,"column":null}},"9":{"start":{"line":38,"column":8},"end":{"line":38,"column":null}},"10":{"start":{"line":39,"column":8},"end":{"line":39,"column":null}},"11":{"start":{"line":40,"column":8},"end":{"line":40,"column":null}},"12":{"start":{"line":41,"column":8},"end":{"line":41,"column":null}},"13":{"start":{"line":42,"column":8},"end":{"line":42,"column":null}},"14":{"start":{"line":46,"column":8},"end":{"line":46,"column":null}},"15":{"start":{"line":49,"column":8},"end":{"line":49,"column":null}},"16":{"start":{"line":53,"column":8},"end":{"line":53,"column":null}},"17":{"start":{"line":57,"column":8},"end":{"line":57,"column":null}},"18":{"start":{"line":61,"column":8},"end":{"line":61,"column":null}},"19":{"start":{"line":65,"column":8},"end":{"line":65,"column":null}},"20":{"start":{"line":69,"column":8},"end":{"line":69,"column":null}},"21":{"start":{"line":73,"column":8},"end":{"line":73,"column":null}},"22":{"start":{"line":77,"column":27},"end":{"line":77,"column":42}},"23":{"start":{"line":78,"column":8},"end":{"line":78,"column":null}},"24":{"start":{"line":82,"column":8},"end":{"line":89,"column":9}},"25":{"start":{"line":83,"column":12},"end":{"line":83,"column":null}},"26":{"start":{"line":85,"column":29},"end":{"line":85,"column":84}},"27":{"start":{"line":85,"column":51},"end":{"line":85,"column":83}},"28":{"start":{"line":86,"column":12},"end":{"line":88,"column":13}},"29":{"start":{"line":87,"column":16},"end":{"line":87,"column":null}},"30":{"start":{"line":93,"column":8},"end":{"line":98,"column":9}},"31":{"start":{"line":94,"column":29},"end":{"line":94,"column":84}},"32":{"start":{"line":94,"column":51},"end":{"line":94,"column":83}},"33":{"start":{"line":95,"column":12},"end":{"line":97,"column":13}},"34":{"start":{"line":96,"column":16},"end":{"line":96,"column":null}},"35":{"start":{"line":96,"column":54},"end":{"line":96,"column":86}},"36":{"start":{"line":102,"column":8},"end":{"line":102,"column":null}},"37":{"start":{"line":17,"column":0},"end":{"line":17,"column":21}}},"fnMap":{"0":{"name":"(anonymous_1)","decl":{"start":{"line":30,"column":4},"end":{"line":30,"column":16}},"loc":{"start":{"line":30,"column":35},"end":{"line":43,"column":5}}},"1":{"name":"(anonymous_2)","decl":{"start":{"line":45,"column":4},"end":{"line":45,"column":11}},"loc":{"start":{"line":45,"column":11},"end":{"line":47,"column":5}}},"2":{"name":"(anonymous_3)","decl":{"start":{"line":48,"column":4},"end":{"line":48,"column":16}},"loc":{"start":{"line":48,"column":16},"end":{"line":50,"column":5}}},"3":{"name":"(anonymous_4)","decl":{"start":{"line":52,"column":4},"end":{"line":52,"column":12}},"loc":{"start":{"line":52,"column":12},"end":{"line":54,"column":5}}},"4":{"name":"(anonymous_5)","decl":{"start":{"line":56,"column":4},"end":{"line":56,"column":12}},"loc":{"start":{"line":56,"column":12},"end":{"line":58,"column":5}}},"5":{"name":"(anonymous_6)","decl":{"start":{"line":60,"column":4},"end":{"line":60,"column":14}},"loc":{"start":{"line":60,"column":14},"end":{"line":62,"column":5}}},"6":{"name":"(anonymous_7)","decl":{"start":{"line":64,"column":4},"end":{"line":64,"column":8}},"loc":{"start":{"line":64,"column":19},"end":{"line":66,"column":5}}},"7":{"name":"(anonymous_8)","decl":{"start":{"line":68,"column":4},"end":{"line":68,"column":8}},"loc":{"start":{"line":68,"column":18},"end":{"line":70,"column":5}}},"8":{"name":"(anonymous_9)","decl":{"start":{"line":72,"column":4},"end":{"line":72,"column":8}},"loc":{"start":{"line":72,"column":18},"end":{"line":74,"column":5}}},"9":{"name":"(anonymous_10)","decl":{"start":{"line":76,"column":4},"end":{"line":76,"column":8}},"loc":{"start":{"line":76,"column":20},"end":{"line":79,"column":5}}},"10":{"name":"(anonymous_11)","decl":{"start":{"line":81,"column":4},"end":{"line":81,"column":18}},"loc":{"start":{"line":81,"column":33},"end":{"line":90,"column":5}}},"11":{"name":"(anonymous_12)","decl":{"start":{"line":85,"column":46},"end":{"line":85,"column":47}},"loc":{"start":{"line":85,"column":51},"end":{"line":85,"column":83}}},"12":{"name":"(anonymous_13)","decl":{"start":{"line":92,"column":4},"end":{"line":92,"column":17}},"loc":{"start":{"line":92,"column":32},"end":{"line":99,"column":5}}},"13":{"name":"(anonymous_14)","decl":{"start":{"line":94,"column":46},"end":{"line":94,"column":47}},"loc":{"start":{"line":94,"column":51},"end":{"line":94,"column":83}}},"14":{"name":"(anonymous_15)","decl":{"start":{"line":96,"column":49},"end":{"line":96,"column":50}},"loc":{"start":{"line":96,"column":54},"end":{"line":96,"column":86}}},"15":{"name":"(anonymous_16)","decl":{"start":{"line":101,"column":4},"end":{"line":101,"column":12}},"loc":{"start":{"line":101,"column":12},"end":{"line":103,"column":5}}}},"branchMap":{"0":{"loc":{"start":{"line":34,"column":21},"end":{"line":34,"column":68}},"type":"cond-expr","locations":[{"start":{"line":34,"column":35},"end":{"line":34,"column":61}},{"start":{"line":34,"column":64},"end":{"line":34,"column":68}}]},"1":{"loc":{"start":{"line":35,"column":23},"end":{"line":35,"column":72}},"type":"cond-expr","locations":[{"start":{"line":35,"column":39},"end":{"line":35,"column":65}},{"start":{"line":35,"column":68},"end":{"line":35,"column":72}}]},"2":{"loc":{"start":{"line":36,"column":25},"end":{"line":36,"column":74}},"type":"cond-expr","locations":[{"start":{"line":36,"column":43},"end":{"line":36,"column":67}},{"start":{"line":36,"column":70},"end":{"line":36,"column":74}}]},"3":{"loc":{"start":{"line":38,"column":21},"end":{"line":38,"column":40}},"type":"cond-expr","locations":[{"start":{"line":38,"column":32},"end":{"line":38,"column":36}},{"start":{"line":38,"column":36},"end":{"line":38,"column":40}}]},"4":{"loc":{"start":{"line":38,"column":21},"end":{"line":38,"column":36}},"type":"binary-expr","locations":[{"start":{"line":38,"column":21},"end":{"line":38,"column":36}},{"start":{"line":38,"column":32},"end":{"line":38,"column":36}}]},"5":{"loc":{"start":{"line":39,"column":37},"end":{"line":39,"column":70}},"type":"cond-expr","locations":[{"start":{"line":39,"column":64},"end":{"line":39,"column":68}},{"start":{"line":39,"column":68},"end":{"line":39,"column":70}}]},"6":{"loc":{"start":{"line":39,"column":37},"end":{"line":39,"column":68}},"type":"binary-expr","locations":[{"start":{"line":39,"column":37},"end":{"line":39,"column":68}},{"start":{"line":39,"column":64},"end":{"line":39,"column":68}}]},"7":{"loc":{"start":{"line":40,"column":34},"end":{"line":40,"column":92}},"type":"cond-expr","locations":[{"start":{"line":40,"column":61},"end":{"line":40,"column":85}},{"start":{"line":40,"column":88},"end":{"line":40,"column":92}}]},"8":{"loc":{"start":{"line":41,"column":39},"end":{"line":41,"column":108}},"type":"cond-expr","locations":[{"start":{"line":41,"column":71},"end":{"line":41,"column":100}},{"start":{"line":41,"column":103},"end":{"line":41,"column":108}}]},"9":{"loc":{"start":{"line":49,"column":15},"end":{"line":49,"column":36}},"type":"cond-expr","locations":[{"start":{"line":49,"column":29},"end":{"line":49,"column":31}},{"start":{"line":49,"column":29},"end":{"line":49,"column":36}}]},"10":{"loc":{"start":{"line":49,"column":15},"end":{"line":49,"column":31}},"type":"binary-expr","locations":[{"start":{"line":49,"column":15},"end":{"line":49,"column":31}},{"start":{"line":49,"column":29},"end":{"line":49,"column":31}}]},"11":{"loc":{"start":{"line":53,"column":15},"end":{"line":53,"column":58}},"type":"cond-expr","locations":[{"start":{"line":53,"column":35},"end":{"line":53,"column":51}},{"start":{"line":53,"column":54},"end":{"line":53,"column":58}}]},"12":{"loc":{"start":{"line":53,"column":15},"end":{"line":53,"column":32}},"type":"cond-expr","locations":[{"start":{"line":53,"column":25},"end":{"line":53,"column":27}},{"start":{"line":53,"column":25},"end":{"line":53,"column":32}}]},"13":{"loc":{"start":{"line":53,"column":15},"end":{"line":53,"column":27}},"type":"binary-expr","locations":[{"start":{"line":53,"column":15},"end":{"line":53,"column":27}},{"start":{"line":53,"column":25},"end":{"line":53,"column":27}}]},"14":{"loc":{"start":{"line":61,"column":15},"end":{"line":61,"column":39}},"type":"cond-expr","locations":[{"start":{"line":61,"column":27},"end":{"line":61,"column":29}},{"start":{"line":61,"column":27},"end":{"line":61,"column":39}}]},"15":{"loc":{"start":{"line":61,"column":15},"end":{"line":61,"column":29}},"type":"binary-expr","locations":[{"start":{"line":61,"column":15},"end":{"line":61,"column":29}},{"start":{"line":61,"column":27},"end":{"line":61,"column":29}}]},"16":{"loc":{"start":{"line":78,"column":15},"end":{"line":78,"column":44}},"type":"cond-expr","locations":[{"start":{"line":78,"column":32},"end":{"line":78,"column":36}},{"start":{"line":78,"column":39},"end":{"line":78,"column":44}}]},"17":{"loc":{"start":{"line":82,"column":8},"end":{"line":89,"column":9}},"type":"if","locations":[{"start":{"line":82,"column":8},"end":{"line":89,"column":9}},{"start":{"line":84,"column":15},"end":{"line":89,"column":9}}]},"18":{"loc":{"start":{"line":86,"column":12},"end":{"line":88,"column":13}},"type":"if","locations":[{"start":{"line":86,"column":12},"end":{"line":88,"column":13}}]},"19":{"loc":{"start":{"line":93,"column":8},"end":{"line":98,"column":9}},"type":"if","locations":[{"start":{"line":93,"column":8},"end":{"line":98,"column":9}}]},"20":{"loc":{"start":{"line":95,"column":12},"end":{"line":97,"column":13}},"type":"if","locations":[{"start":{"line":95,"column":12},"end":{"line":97,"column":13}}]}},"s":{"0":16,"1":16,"2":33,"3":33,"4":33,"5":33,"6":33,"7":33,"8":33,"9":33,"10":33,"11":33,"12":33,"13":33,"14":2,"15":2,"16":8,"17":7,"18":3,"19":5,"20":20,"21":6,"22":12,"23":12,"24":10,"25":7,"26":3,"27":3,"28":3,"29":2,"30":2,"31":2,"32":2,"33":2,"34":1,"35":2,"36":2,"37":16},"f":{"0":33,"1":2,"2":2,"3":8,"4":7,"5":3,"6":5,"7":20,"8":6,"9":12,"10":10,"11":3,"12":2,"13":2,"14":2,"15":2},"b":{"0":[27,6],"1":[31,2],"2":[23,10],"3":[13,20],"4":[33,33],"5":[9,24],"6":[33,33],"7":[9,24],"8":[9,24],"9":[1,1],"10":[2,1],"11":[5,3],"12":[3,5],"13":[8,5],"14":[1,2],"15":[3,2],"16":[5,7],"17":[7,3],"18":[2],"19":[2],"20":[1]}}
,"C:\\Users\\evand\\OneDrive\\Área de Trabalho\\code-fire\\packages\\auth\\src\\model\\index.ts": {"path":"C:\\Users\\evand\\OneDrive\\Área de Trabalho\\code-fire\\packages\\auth\\src\\model\\index.ts","statementMap":{"0":{"start":{"line":1,"column":0},"end":{"line":1,"column":7}},"1":{"start":{"line":6,"column":4},"end":{"line":1,"column":35}},"2":{"start":{"line":2,"column":0},"end":{"line":2,"column":7}},"3":{"start":{"line":7,"column":4},"end":{"line":2,"column":29}},"4":{"start":{"line":3,"column":0},"end":{"line":3,"column":7}},"5":{"start":{"line":8,"column":4},"end":{"line":3,"column":31}}},"fnMap":{},"branchMap":{},"s":{"0":15,"1":15,"2":15,"3":15,"4":15,"5":15},"f":{},"b":{}}
,"C:\\Users\\evand\\OneDrive\\Área de Trabalho\\code-fire\\packages\\auth\\src\\model\\obj-valor\\SenhaForte.ts": {"path":"C:\\Users\\evand\\OneDrive\\Área de Trabalho\\code-fire\\packages\\auth\\src\\model\\obj-valor\\SenhaForte.ts","statementMap":{"0":{"start":{"line":5,"column":8},"end":{"line":5,"column":null}},"1":{"start":{"line":5,"column":19},"end":{"line":5,"column":null}},"2":{"start":{"line":7,"column":8},"end":{"line":7,"column":null}},"3":{"start":{"line":9,"column":8},"end":{"line":11,"column":9}},"4":{"start":{"line":10,"column":12},"end":{"line":10,"column":null}},"5":{"start":{"line":15,"column":22},"end":{"line":15,"column":86}},"6":{"start":{"line":16,"column":8},"end":{"line":16,"column":null}},"7":{"start":{"line":20,"column":8},"end":{"line":20,"column":null}},"8":{"start":{"line":1,"column":0},"end":{"line":1,"column":21}}},"fnMap":{"0":{"name":"(anonymous_0)","decl":{"start":{"line":4,"column":4},"end":{"line":4,"column":16}},"loc":{"start":{"line":4,"column":30},"end":{"line":13,"column":5}}},"1":{"name":"(anonymous_1)","decl":{"start":{"line":14,"column":4},"end":{"line":14,"column":10}},"loc":{"start":{"line":14,"column":33},"end":{"line":17,"column":5}}},"2":{"name":"(anonymous_2)","decl":{"start":{"line":19,"column":4},"end":{"line":19,"column":8}},"loc":{"start":{"line":19,"column":13},"end":{"line":21,"column":5}}}},"branchMap":{"0":{"loc":{"start":{"line":5,"column":8},"end":{"line":5,"column":null}},"type":"if","locations":[{"start":{"line":5,"column":8},"end":{"line":5,"column":null}}]},"1":{"loc":{"start":{"line":9,"column":8},"end":{"line":11,"column":9}},"type":"if","locations":[{"start":{"line":9,"column":8},"end":{"line":11,"column":9}}]}},"s":{"0":14,"1":1,"2":13,"3":13,"4":4,"5":15,"6":15,"7":6,"8":3},"f":{"0":14,"1":15,"2":6},"b":{"0":[1],"1":[4]}}
,"C:\\Users\\evand\\OneDrive\\Área de Trabalho\\code-fire\\packages\\auth\\src\\model\\obj-valor\\SenhaHash.ts": {"path":"C:\\Users\\evand\\OneDrive\\Área de Trabalho\\code-fire\\packages\\auth\\src\\model\\obj-valor\\SenhaHash.ts","statementMap":{"0":{"start":{"line":6,"column":8},"end":{"line":6,"column":null}},"1":{"start":{"line":6,"column":19},"end":{"line":6,"column":null}},"2":{"start":{"line":8,"column":8},"end":{"line":8,"column":null}},"3":{"start":{"line":10,"column":8},"end":{"line":12,"column":9}},"4":{"start":{"line":11,"column":12},"end":{"line":11,"column":null}},"5":{"start":{"line":15,"column":22},"end":{"line":15,"column":65}},"6":{"start":{"line":16,"column":8},"end":{"line":16,"column":null}},"7":{"start":{"line":20,"column":8},"end":{"line":20,"column":null}},"8":{"start":{"line":1,"column":0},"end":{"line":1,"column":21}}},"fnMap":{"0":{"name":"(anonymous_0)","decl":{"start":{"line":4,"column":4},"end":{"line":4,"column":16}},"loc":{"start":{"line":4,"column":30},"end":{"line":13,"column":5}}},"1":{"name":"(anonymous_1)","decl":{"start":{"line":14,"column":4},"end":{"line":14,"column":10}},"loc":{"start":{"line":14,"column":37},"end":{"line":17,"column":5}}},"2":{"name":"(anonymous_2)","decl":{"start":{"line":19,"column":4},"end":{"line":19,"column":8}},"loc":{"start":{"line":19,"column":13},"end":{"line":21,"column":5}}}},"branchMap":{"0":{"loc":{"start":{"line":6,"column":8},"end":{"line":6,"column":null}},"type":"if","locations":[{"start":{"line":6,"column":8},"end":{"line":6,"column":null}}]},"1":{"loc":{"start":{"line":10,"column":8},"end":{"line":12,"column":9}},"type":"if","locations":[{"start":{"line":10,"column":8},"end":{"line":12,"column":9}}]}},"s":{"0":36,"1":1,"2":35,"3":35,"4":4,"5":38,"6":38,"7":10,"8":17},"f":{"0":36,"1":38,"2":10},"b":{"0":[1],"1":[4]}}
,"C:\\Users\\evand\\OneDrive\\Área de Trabalho\\code-fire\\packages\\auth\\src\\usecases\\perfil\\CriarPerfil.ts": {"path":"C:\\Users\\evand\\OneDrive\\Área de Trabalho\\code-fire\\packages\\auth\\src\\usecases\\perfil\\CriarPerfil.ts","statementMap":{"0":{"start":{"line":2,"column":0},"end":{"line":2,"column":37}},"1":{"start":{"line":16,"column":16},"end":{"line":16,"column":45}},"2":{"start":{"line":17,"column":16},"end":{"line":17,"column":51}},"3":{"start":{"line":20,"column":27},"end":{"line":20,"column":51}},"4":{"start":{"line":21,"column":32},"end":{"line":21,"column":39}},"5":{"start":{"line":21,"column":28},"end":{"line":21,"column":32}},"6":{"start":{"line":22,"column":27},"end":{"line":22,"column":45}},"7":{"start":{"line":24,"column":29},"end":{"line":24,"column":97}},"8":{"start":{"line":25,"column":8},"end":{"line":25,"column":null}},"9":{"start":{"line":25,"column":26},"end":{"line":25,"column":null}},"10":{"start":{"line":26,"column":8},"end":{"line":29,"column":9}},"11":{"start":{"line":27,"column":32},"end":{"line":27,"column":87}},"12":{"start":{"line":28,"column":12},"end":{"line":28,"column":null}},"13":{"start":{"line":28,"column":29},"end":{"line":28,"column":null}},"14":{"start":{"line":30,"column":8},"end":{"line":30,"column":null}},"15":{"start":{"line":14,"column":0},"end":{"line":14,"column":21}}},"fnMap":{"0":{"name":"(anonymous_8)","decl":{"start":{"line":15,"column":4},"end":{"line":15,"column":null}},"loc":{"start":{"line":17,"column":51},"end":{"line":18,"column":9}}},"1":{"name":"(anonymous_9)","decl":{"start":{"line":19,"column":10},"end":{"line":19,"column":18}},"loc":{"start":{"line":19,"column":35},"end":{"line":31,"column":null}}}},"branchMap":{"0":{"loc":{"start":{"line":20,"column":27},"end":{"line":20,"column":51}},"type":"binary-expr","locations":[{"start":{"line":20,"column":27},"end":{"line":20,"column":45}},{"start":{"line":20,"column":49},"end":{"line":20,"column":51}}]},"1":{"loc":{"start":{"line":25,"column":8},"end":{"line":25,"column":null}},"type":"if","locations":[{"start":{"line":25,"column":8},"end":{"line":25,"column":null}}]},"2":{"loc":{"start":{"line":28,"column":12},"end":{"line":28,"column":null}},"type":"if","locations":[{"start":{"line":28,"column":12},"end":{"line":28,"column":null}}]}},"s":{"0":1,"1":5,"2":5,"3":6,"4":6,"5":6,"6":6,"7":6,"8":6,"9":1,"10":5,"11":6,"12":6,"13":5,"14":5,"15":1},"f":{"0":5,"1":6},"b":{"0":[6,3],"1":[1],"2":[5]}}
,"C:\\Users\\evand\\OneDrive\\Área de Trabalho\\code-fire\\packages\\auth\\src\\usecases\\perfil\\EditarPerfil.ts": {"path":"C:\\Users\\evand\\OneDrive\\Área de Trabalho\\code-fire\\packages\\auth\\src\\usecases\\perfil\\EditarPerfil.ts","statementMap":{"0":{"start":{"line":1,"column":0},"end":{"line":1,"column":54}},"1":{"start":{"line":14,"column":16},"end":{"line":14,"column":45}},"2":{"start":{"line":15,"column":16},"end":{"line":15,"column":51}},"3":{"start":{"line":18,"column":27},"end":{"line":18,"column":51}},"4":{"start":{"line":19,"column":25},"end":{"line":19,"column":43}},"5":{"start":{"line":21,"column":29},"end":{"line":21,"column":82}},"6":{"start":{"line":22,"column":8},"end":{"line":22,"column":null}},"7":{"start":{"line":22,"column":27},"end":{"line":22,"column":null}},"8":{"start":{"line":24,"column":33},"end":{"line":24,"column":68}},"9":{"start":{"line":26,"column":8},"end":{"line":29,"column":9}},"10":{"start":{"line":27,"column":44},"end":{"line":27,"column":98}},"11":{"start":{"line":28,"column":12},"end":{"line":28,"column":null}},"12":{"start":{"line":28,"column":41},"end":{"line":28,"column":null}},"13":{"start":{"line":31,"column":8},"end":{"line":34,"column":9}},"14":{"start":{"line":32,"column":32},"end":{"line":32,"column":87}},"15":{"start":{"line":33,"column":12},"end":{"line":33,"column":null}},"16":{"start":{"line":33,"column":29},"end":{"line":33,"column":null}},"17":{"start":{"line":35,"column":8},"end":{"line":35,"column":null}},"18":{"start":{"line":12,"column":0},"end":{"line":12,"column":21}}},"fnMap":{"0":{"name":"(anonymous_7)","decl":{"start":{"line":13,"column":4},"end":{"line":13,"column":null}},"loc":{"start":{"line":15,"column":51},"end":{"line":16,"column":9}}},"1":{"name":"(anonymous_8)","decl":{"start":{"line":17,"column":10},"end":{"line":17,"column":18}},"loc":{"start":{"line":17,"column":35},"end":{"line":36,"column":null}}}},"branchMap":{"0":{"loc":{"start":{"line":18,"column":27},"end":{"line":18,"column":51}},"type":"binary-expr","locations":[{"start":{"line":18,"column":27},"end":{"line":18,"column":45}},{"start":{"line":18,"column":49},"end":{"line":18,"column":51}}]},"1":{"loc":{"start":{"line":22,"column":8},"end":{"line":22,"column":null}},"type":"if","locations":[{"start":{"line":22,"column":8},"end":{"line":22,"column":null}}]},"2":{"loc":{"start":{"line":26,"column":8},"end":{"line":29,"column":9}},"type":"if","locations":[{"start":{"line":26,"column":8},"end":{"line":29,"column":9}}]},"3":{"loc":{"start":{"line":28,"column":12},"end":{"line":28,"column":null}},"type":"if","locations":[{"start":{"line":28,"column":12},"end":{"line":28,"column":null}}]},"4":{"loc":{"start":{"line":33,"column":12},"end":{"line":33,"column":null}},"type":"if","locations":[{"start":{"line":33,"column":12},"end":{"line":33,"column":null}}]}},"s":{"0":1,"1":6,"2":6,"3":6,"4":6,"5":6,"6":6,"7":1,"8":5,"9":5,"10":3,"11":3,"12":1,"13":4,"14":2,"15":2,"16":2,"17":4,"18":1},"f":{"0":6,"1":6},"b":{"0":[6,4],"1":[1],"2":[3],"3":[1],"4":[2]}}
,"C:\\Users\\evand\\OneDrive\\Área de Trabalho\\code-fire\\packages\\auth\\src\\usecases\\perfil\\ExcluirPerfil.ts": {"path":"C:\\Users\\evand\\OneDrive\\Área de Trabalho\\code-fire\\packages\\auth\\src\\usecases\\perfil\\ExcluirPerfil.ts","statementMap":{"0":{"start":{"line":7,"column":16},"end":{"line":7,"column":39}},"1":{"start":{"line":8,"column":16},"end":{"line":8,"column":47}},"2":{"start":{"line":12,"column":29},"end":{"line":12,"column":70}},"3":{"start":{"line":13,"column":8},"end":{"line":13,"column":null}},"4":{"start":{"line":13,"column":26},"end":{"line":13,"column":null}},"5":{"start":{"line":15,"column":45},"end":{"line":15,"column":100}},"6":{"start":{"line":16,"column":8},"end":{"line":16,"column":null}},"7":{"start":{"line":16,"column":40},"end":{"line":16,"column":null}},"8":{"start":{"line":18,"column":8},"end":{"line":18,"column":null}},"9":{"start":{"line":5,"column":0},"end":{"line":5,"column":21}}},"fnMap":{"0":{"name":"(anonymous_7)","decl":{"start":{"line":6,"column":4},"end":{"line":6,"column":null}},"loc":{"start":{"line":8,"column":47},"end":{"line":9,"column":7}}},"1":{"name":"(anonymous_8)","decl":{"start":{"line":11,"column":10},"end":{"line":11,"column":18}},"loc":{"start":{"line":11,"column":34},"end":{"line":19,"column":null}}}},"branchMap":{"0":{"loc":{"start":{"line":13,"column":8},"end":{"line":13,"column":null}},"type":"if","locations":[{"start":{"line":13,"column":8},"end":{"line":13,"column":null}}]},"1":{"loc":{"start":{"line":16,"column":8},"end":{"line":16,"column":null}},"type":"if","locations":[{"start":{"line":16,"column":8},"end":{"line":16,"column":null}}]}},"s":{"0":3,"1":3,"2":3,"3":3,"4":1,"5":2,"6":2,"7":1,"8":1,"9":1},"f":{"0":3,"1":3},"b":{"0":[1],"1":[1]}}
,"C:\\Users\\evand\\OneDrive\\Área de Trabalho\\code-fire\\packages\\auth\\src\\usecases\\perfil\\ObterPerfis.ts": {"path":"C:\\Users\\evand\\OneDrive\\Área de Trabalho\\code-fire\\packages\\auth\\src\\usecases\\perfil\\ObterPerfis.ts","statementMap":{"0":{"start":{"line":14,"column":24},"end":{"line":14,"column":60}},"1":{"start":{"line":17,"column":25},"end":{"line":17,"column":67}},"2":{"start":{"line":19,"column":8},"end":{"line":24,"column":null}},"3":{"start":{"line":19,"column":41},"end":{"line":24,"column":10}},"4":{"start":{"line":28,"column":8},"end":{"line":32,"column":null}},"5":{"start":{"line":28,"column":46},"end":{"line":32,"column":10}},"6":{"start":{"line":13,"column":0},"end":{"line":13,"column":13}}},"fnMap":{"0":{"name":"(anonymous_7)","decl":{"start":{"line":14,"column":4},"end":{"line":14,"column":24}},"loc":{"start":{"line":14,"column":60},"end":{"line":14,"column":65}}},"1":{"name":"(anonymous_8)","decl":{"start":{"line":16,"column":10},"end":{"line":16,"column":18}},"loc":{"start":{"line":16,"column":18},"end":{"line":25,"column":null}}},"2":{"name":"(anonymous_10)","decl":{"start":{"line":19,"column":28},"end":{"line":19,"column":29}},"loc":{"start":{"line":19,"column":41},"end":{"line":24,"column":10}}},"3":{"name":"(anonymous_11)","decl":{"start":{"line":27,"column":12},"end":{"line":27,"column":28}},"loc":{"start":{"line":27,"column":52},"end":{"line":33,"column":5}}},"4":{"name":"(anonymous_12)","decl":{"start":{"line":28,"column":30},"end":{"line":28,"column":31}},"loc":{"start":{"line":28,"column":46},"end":{"line":32,"column":10}}}},"branchMap":{},"s":{"0":1,"1":1,"2":1,"3":3,"4":3,"5":9,"6":1},"f":{"0":1,"1":1,"2":3,"3":3,"4":9},"b":{}}
,"C:\\Users\\evand\\OneDrive\\Área de Trabalho\\code-fire\\packages\\auth\\src\\usecases\\permissao\\CriarPermissao.ts": {"path":"C:\\Users\\evand\\OneDrive\\Área de Trabalho\\code-fire\\packages\\auth\\src\\usecases\\permissao\\CriarPermissao.ts","statementMap":{"0":{"start":{"line":3,"column":0},"end":{"line":3,"column":40}},"1":{"start":{"line":11,"column":24},"end":{"line":11,"column":50}},"2":{"start":{"line":14,"column":35},"end":{"line":14,"column":42}},"3":{"start":{"line":14,"column":31},"end":{"line":14,"column":35}},"4":{"start":{"line":15,"column":30},"end":{"line":15,"column":54}},"5":{"start":{"line":17,"column":44},"end":{"line":17,"column":115}},"6":{"start":{"line":18,"column":8},"end":{"line":18,"column":null}},"7":{"start":{"line":18,"column":41},"end":{"line":18,"column":null}},"8":{"start":{"line":19,"column":8},"end":{"line":19,"column":null}},"9":{"start":{"line":10,"column":0},"end":{"line":10,"column":21}}},"fnMap":{"0":{"name":"(anonymous_8)","decl":{"start":{"line":11,"column":4},"end":{"line":11,"column":24}},"loc":{"start":{"line":11,"column":50},"end":{"line":11,"column":55}}},"1":{"name":"(anonymous_9)","decl":{"start":{"line":13,"column":10},"end":{"line":13,"column":18}},"loc":{"start":{"line":13,"column":35},"end":{"line":20,"column":null}}}},"branchMap":{"0":{"loc":{"start":{"line":18,"column":8},"end":{"line":18,"column":null}},"type":"if","locations":[{"start":{"line":18,"column":8},"end":{"line":18,"column":null}}]}},"s":{"0":1,"1":2,"2":3,"3":3,"4":3,"5":3,"6":3,"7":1,"8":2,"9":1},"f":{"0":2,"1":3},"b":{"0":[1]}}
,"C:\\Users\\evand\\OneDrive\\Área de Trabalho\\code-fire\\packages\\auth\\src\\usecases\\permissao\\EditarPermissao.ts": {"path":"C:\\Users\\evand\\OneDrive\\Área de Trabalho\\code-fire\\packages\\auth\\src\\usecases\\permissao\\EditarPermissao.ts","statementMap":{"0":{"start":{"line":1,"column":0},"end":{"line":1,"column":54}},"1":{"start":{"line":10,"column":24},"end":{"line":10,"column":50}},"2":{"start":{"line":13,"column":28},"end":{"line":13,"column":46}},"3":{"start":{"line":15,"column":32},"end":{"line":15,"column":85}},"4":{"start":{"line":16,"column":8},"end":{"line":16,"column":null}},"5":{"start":{"line":16,"column":30},"end":{"line":16,"column":null}},"6":{"start":{"line":18,"column":8},"end":{"line":23,"column":9}},"7":{"start":{"line":19,"column":47},"end":{"line":19,"column":98}},"8":{"start":{"line":20,"column":12},"end":{"line":22,"column":null}},"9":{"start":{"line":22,"column":16},"end":{"line":22,"column":null}},"10":{"start":{"line":24,"column":36},"end":{"line":24,"column":74}},"11":{"start":{"line":26,"column":8},"end":{"line":26,"column":null}},"12":{"start":{"line":9,"column":0},"end":{"line":9,"column":21}}},"fnMap":{"0":{"name":"(anonymous_7)","decl":{"start":{"line":10,"column":4},"end":{"line":10,"column":24}},"loc":{"start":{"line":10,"column":50},"end":{"line":10,"column":55}}},"1":{"name":"(anonymous_8)","decl":{"start":{"line":12,"column":10},"end":{"line":12,"column":18}},"loc":{"start":{"line":12,"column":35},"end":{"line":27,"column":null}}}},"branchMap":{"0":{"loc":{"start":{"line":16,"column":8},"end":{"line":16,"column":null}},"type":"if","locations":[{"start":{"line":16,"column":8},"end":{"line":16,"column":null}}]},"1":{"loc":{"start":{"line":18,"column":8},"end":{"line":23,"column":9}},"type":"if","locations":[{"start":{"line":18,"column":8},"end":{"line":23,"column":9}}]},"2":{"loc":{"start":{"line":20,"column":12},"end":{"line":22,"column":null}},"type":"if","locations":[{"start":{"line":20,"column":12},"end":{"line":22,"column":null}}]},"3":{"loc":{"start":{"line":20,"column":16},"end":{"line":21,"column":73}},"type":"binary-expr","locations":[{"start":{"line":20,"column":16},"end":{"line":20,"column":42}},{"start":{"line":21,"column":16},"end":{"line":21,"column":73}}]}},"s":{"0":1,"1":4,"2":4,"3":4,"4":4,"5":1,"6":3,"7":3,"8":3,"9":1,"10":2,"11":2,"12":1},"f":{"0":4,"1":4},"b":{"0":[1],"1":[3],"2":[1],"3":[3,2]}}
,"C:\\Users\\evand\\OneDrive\\Área de Trabalho\\code-fire\\packages\\auth\\src\\usecases\\permissao\\ExcluirPermissao.ts": {"path":"C:\\Users\\evand\\OneDrive\\Área de Trabalho\\code-fire\\packages\\auth\\src\\usecases\\permissao\\ExcluirPermissao.ts","statementMap":{"0":{"start":{"line":8,"column":16},"end":{"line":8,"column":42}},"1":{"start":{"line":9,"column":16},"end":{"line":9,"column":45}},"2":{"start":{"line":14,"column":26},"end":{"line":14,"column":74}},"3":{"start":{"line":15,"column":8},"end":{"line":15,"column":null}},"4":{"start":{"line":15,"column":24},"end":{"line":15,"column":null}},"5":{"start":{"line":17,"column":45},"end":{"line":17,"column":105}},"6":{"start":{"line":18,"column":8},"end":{"line":18,"column":null}},"7":{"start":{"line":18,"column":42},"end":{"line":18,"column":null}},"8":{"start":{"line":20,"column":8},"end":{"line":20,"column":null}},"9":{"start":{"line":6,"column":0},"end":{"line":6,"column":21}}},"fnMap":{"0":{"name":"(anonymous_7)","decl":{"start":{"line":7,"column":4},"end":{"line":7,"column":null}},"loc":{"start":{"line":9,"column":45},"end":{"line":10,"column":9}}},"1":{"name":"(anonymous_8)","decl":{"start":{"line":12,"column":10},"end":{"line":12,"column":18}},"loc":{"start":{"line":12,"column":43},"end":{"line":21,"column":null}}}},"branchMap":{"0":{"loc":{"start":{"line":15,"column":8},"end":{"line":15,"column":null}},"type":"if","locations":[{"start":{"line":15,"column":8},"end":{"line":15,"column":null}}]},"1":{"loc":{"start":{"line":18,"column":8},"end":{"line":18,"column":null}},"type":"if","locations":[{"start":{"line":18,"column":8},"end":{"line":18,"column":null}}]}},"s":{"0":3,"1":3,"2":3,"3":3,"4":1,"5":2,"6":2,"7":1,"8":1,"9":1},"f":{"0":3,"1":3},"b":{"0":[1],"1":[1]}}
,"C:\\Users\\evand\\OneDrive\\Área de Trabalho\\code-fire\\packages\\auth\\src\\usecases\\permissao\\ObterPermissoes.ts": {"path":"C:\\Users\\evand\\OneDrive\\Área de Trabalho\\code-fire\\packages\\auth\\src\\usecases\\permissao\\ObterPermissoes.ts","statementMap":{"0":{"start":{"line":10,"column":33},"end":{"line":10,"column":59}},"1":{"start":{"line":13,"column":29},"end":{"line":13,"column":62}},"2":{"start":{"line":14,"column":8},"end":{"line":18,"column":null}},"3":{"start":{"line":14,"column":40},"end":{"line":18,"column":10}},"4":{"start":{"line":9,"column":0},"end":{"line":9,"column":13}}},"fnMap":{"0":{"name":"(anonymous_7)","decl":{"start":{"line":10,"column":4},"end":{"line":10,"column":33}},"loc":{"start":{"line":10,"column":59},"end":{"line":10,"column":64}}},"1":{"name":"(anonymous_8)","decl":{"start":{"line":12,"column":10},"end":{"line":12,"column":18}},"loc":{"start":{"line":12,"column":18},"end":{"line":19,"column":null}}},"2":{"name":"(anonymous_10)","decl":{"start":{"line":14,"column":32},"end":{"line":14,"column":33}},"loc":{"start":{"line":14,"column":40},"end":{"line":18,"column":10}}}},"branchMap":{},"s":{"0":1,"1":1,"2":1,"3":4,"4":1},"f":{"0":1,"1":1,"2":4},"b":{}}
,"C:\\Users\\evand\\OneDrive\\Área de Trabalho\\code-fire\\packages\\auth\\src\\usecases\\usuario\\AtualizarSenha.ts": {"path":"C:\\Users\\evand\\OneDrive\\Área de Trabalho\\code-fire\\packages\\auth\\src\\usecases\\usuario\\AtualizarSenha.ts","statementMap":{"0":{"start":{"line":1,"column":0},"end":{"line":1,"column":75}},"1":{"start":{"line":3,"column":0},"end":{"line":3,"column":58}},"2":{"start":{"line":14,"column":25},"end":{"line":14,"column":56}},"3":{"start":{"line":15,"column":25},"end":{"line":15,"column":67}},"4":{"start":{"line":19,"column":19},"end":{"line":19,"column":37}},"5":{"start":{"line":20,"column":8},"end":{"line":20,"column":null}},"6":{"start":{"line":20,"column":33},"end":{"line":20,"column":null}},"7":{"start":{"line":22,"column":8},"end":{"line":24,"column":9}},"8":{"start":{"line":23,"column":12},"end":{"line":23,"column":null}},"9":{"start":{"line":26,"column":26},"end":{"line":26,"column":59}},"10":{"start":{"line":28,"column":24},"end":{"line":28,"column":73}},"11":{"start":{"line":29,"column":8},"end":{"line":29,"column":null}},"12":{"start":{"line":29,"column":22},"end":{"line":29,"column":null}},"13":{"start":{"line":31,"column":26},"end":{"line":31,"column":44}},"14":{"start":{"line":32,"column":8},"end":{"line":32,"column":null}},"15":{"start":{"line":32,"column":23},"end":{"line":32,"column":null}},"16":{"start":{"line":34,"column":37},"end":{"line":34,"column":103}},"17":{"start":{"line":36,"column":8},"end":{"line":36,"column":null}},"18":{"start":{"line":36,"column":34},"end":{"line":36,"column":null}},"19":{"start":{"line":38,"column":30},"end":{"line":38,"column":85}},"20":{"start":{"line":39,"column":39},"end":{"line":39,"column":78}},"21":{"start":{"line":41,"column":8},"end":{"line":41,"column":null}},"22":{"start":{"line":12,"column":0},"end":{"line":12,"column":21}}},"fnMap":{"0":{"name":"(anonymous_8)","decl":{"start":{"line":13,"column":4},"end":{"line":13,"column":null}},"loc":{"start":{"line":15,"column":67},"end":{"line":16,"column":9}}},"1":{"name":"(anonymous_9)","decl":{"start":{"line":18,"column":10},"end":{"line":18,"column":18}},"loc":{"start":{"line":18,"column":35},"end":{"line":42,"column":null}}}},"branchMap":{"0":{"loc":{"start":{"line":20,"column":8},"end":{"line":20,"column":null}},"type":"if","locations":[{"start":{"line":20,"column":8},"end":{"line":20,"column":null}}]},"1":{"loc":{"start":{"line":22,"column":8},"end":{"line":24,"column":9}},"type":"if","locations":[{"start":{"line":22,"column":8},"end":{"line":24,"column":9}}]},"2":{"loc":{"start":{"line":29,"column":8},"end":{"line":29,"column":null}},"type":"if","locations":[{"start":{"line":29,"column":8},"end":{"line":29,"column":null}}]},"3":{"loc":{"start":{"line":32,"column":8},"end":{"line":32,"column":null}},"type":"if","locations":[{"start":{"line":32,"column":8},"end":{"line":32,"column":null}}]},"4":{"loc":{"start":{"line":36,"column":8},"end":{"line":36,"column":null}},"type":"if","locations":[{"start":{"line":36,"column":8},"end":{"line":36,"column":null}}]}},"s":{"0":1,"1":1,"2":6,"3":6,"4":6,"5":6,"6":1,"7":5,"8":1,"9":4,"10":4,"11":4,"12":1,"13":3,"14":3,"15":1,"16":2,"17":2,"18":1,"19":1,"20":1,"21":1,"22":1},"f":{"0":6,"1":6},"b":{"0":[1],"1":[1],"2":[1],"3":[1],"4":[1]}}
,"C:\\Users\\evand\\OneDrive\\Área de Trabalho\\code-fire\\packages\\auth\\src\\usecases\\usuario\\AtualizarUsuario.ts": {"path":"C:\\Users\\evand\\OneDrive\\Área de Trabalho\\code-fire\\packages\\auth\\src\\usecases\\usuario\\AtualizarUsuario.ts","statementMap":{"0":{"start":{"line":1,"column":0},"end":{"line":1,"column":82}},"1":{"start":{"line":14,"column":25},"end":{"line":14,"column":49}},"2":{"start":{"line":17,"column":19},"end":{"line":17,"column":37}},"3":{"start":{"line":19,"column":24},"end":{"line":19,"column":66}},"4":{"start":{"line":20,"column":8},"end":{"line":20,"column":null}},"5":{"start":{"line":20,"column":22},"end":{"line":20,"column":null}},"6":{"start":{"line":22,"column":34},"end":{"line":26,"column":10}},"7":{"start":{"line":27,"column":8},"end":{"line":27,"column":null}},"8":{"start":{"line":12,"column":0},"end":{"line":12,"column":21}}},"fnMap":{"0":{"name":"(anonymous_7)","decl":{"start":{"line":13,"column":4},"end":{"line":13,"column":null}},"loc":{"start":{"line":14,"column":49},"end":{"line":15,"column":9}}},"1":{"name":"(anonymous_8)","decl":{"start":{"line":16,"column":10},"end":{"line":16,"column":18}},"loc":{"start":{"line":16,"column":35},"end":{"line":28,"column":null}}}},"branchMap":{"0":{"loc":{"start":{"line":20,"column":8},"end":{"line":20,"column":null}},"type":"if","locations":[{"start":{"line":20,"column":8},"end":{"line":20,"column":null}}]}},"s":{"0":1,"1":2,"2":2,"3":2,"4":2,"5":1,"6":1,"7":1,"8":1},"f":{"0":2,"1":2},"b":{"0":[1]}}
,"C:\\Users\\evand\\OneDrive\\Área de Trabalho\\code-fire\\packages\\auth\\src\\usecases\\usuario\\DesabilitarUsuario.ts": {"path":"C:\\Users\\evand\\OneDrive\\Área de Trabalho\\code-fire\\packages\\auth\\src\\usecases\\usuario\\DesabilitarUsuario.ts","statementMap":{"0":{"start":{"line":7,"column":24},"end":{"line":7,"column":48}},"1":{"start":{"line":10,"column":30},"end":{"line":10,"column":74}},"2":{"start":{"line":11,"column":8},"end":{"line":11,"column":null}},"3":{"start":{"line":11,"column":28},"end":{"line":11,"column":null}},"4":{"start":{"line":12,"column":36},"end":{"line":12,"column":72}},"5":{"start":{"line":13,"column":8},"end":{"line":13,"column":null}},"6":{"start":{"line":6,"column":0},"end":{"line":6,"column":21}}},"fnMap":{"0":{"name":"(anonymous_7)","decl":{"start":{"line":7,"column":4},"end":{"line":7,"column":24}},"loc":{"start":{"line":7,"column":48},"end":{"line":7,"column":51}}},"1":{"name":"(anonymous_8)","decl":{"start":{"line":9,"column":10},"end":{"line":9,"column":18}},"loc":{"start":{"line":9,"column":39},"end":{"line":14,"column":null}}}},"branchMap":{"0":{"loc":{"start":{"line":11,"column":8},"end":{"line":11,"column":null}},"type":"if","locations":[{"start":{"line":11,"column":8},"end":{"line":11,"column":null}}]}},"s":{"0":2,"1":2,"2":2,"3":1,"4":1,"5":1,"6":1},"f":{"0":2,"1":2},"b":{"0":[1]}}
,"C:\\Users\\evand\\OneDrive\\Área de Trabalho\\code-fire\\packages\\auth\\src\\usecases\\usuario\\HabilitarUsuario.ts": {"path":"C:\\Users\\evand\\OneDrive\\Área de Trabalho\\code-fire\\packages\\auth\\src\\usecases\\usuario\\HabilitarUsuario.ts","statementMap":{"0":{"start":{"line":7,"column":24},"end":{"line":7,"column":48}},"1":{"start":{"line":10,"column":30},"end":{"line":10,"column":74}},"2":{"start":{"line":11,"column":8},"end":{"line":11,"column":null}},"3":{"start":{"line":11,"column":28},"end":{"line":11,"column":null}},"4":{"start":{"line":12,"column":34},"end":{"line":12,"column":69}},"5":{"start":{"line":13,"column":8},"end":{"line":13,"column":null}},"6":{"start":{"line":6,"column":0},"end":{"line":6,"column":21}}},"fnMap":{"0":{"name":"(anonymous_7)","decl":{"start":{"line":7,"column":4},"end":{"line":7,"column":24}},"loc":{"start":{"line":7,"column":48},"end":{"line":7,"column":51}}},"1":{"name":"(anonymous_8)","decl":{"start":{"line":9,"column":10},"end":{"line":9,"column":18}},"loc":{"start":{"line":9,"column":39},"end":{"line":14,"column":null}}}},"branchMap":{"0":{"loc":{"start":{"line":11,"column":8},"end":{"line":11,"column":null}},"type":"if","locations":[{"start":{"line":11,"column":8},"end":{"line":11,"column":null}}]}},"s":{"0":2,"1":2,"2":2,"3":1,"4":1,"5":1,"6":1},"f":{"0":2,"1":2},"b":{"0":[1]}}
,"C:\\Users\\evand\\OneDrive\\Área de Trabalho\\code-fire\\packages\\auth\\src\\usecases\\usuario\\LoginUsuario.ts": {"path":"C:\\Users\\evand\\OneDrive\\Área de Trabalho\\code-fire\\packages\\auth\\src\\usecases\\usuario\\LoginUsuario.ts","statementMap":{"0":{"start":{"line":1,"column":0},"end":{"line":1,"column":42}},"1":{"start":{"line":5,"column":0},"end":{"line":5,"column":44}},"2":{"start":{"line":15,"column":16},"end":{"line":15,"column":40}},"3":{"start":{"line":16,"column":16},"end":{"line":16,"column":58}},"4":{"start":{"line":19,"column":22},"end":{"line":19,"column":46}},"5":{"start":{"line":20,"column":24},"end":{"line":20,"column":66}},"6":{"start":{"line":22,"column":8},"end":{"line":22,"column":null}},"7":{"start":{"line":22,"column":22},"end":{"line":22,"column":null}},"8":{"start":{"line":23,"column":8},"end":{"line":23,"column":null}},"9":{"start":{"line":23,"column":33},"end":{"line":23,"column":null}},"10":{"start":{"line":25,"column":22},"end":{"line":25,"column":40}},"11":{"start":{"line":27,"column":8},"end":{"line":27,"column":null}},"12":{"start":{"line":27,"column":38},"end":{"line":27,"column":null}},"13":{"start":{"line":29,"column":31},"end":{"line":31,"column":null}},"14":{"start":{"line":34,"column":8},"end":{"line":34,"column":null}},"15":{"start":{"line":34,"column":29},"end":{"line":34,"column":null}},"16":{"start":{"line":36,"column":32},"end":{"line":36,"column":50}},"17":{"start":{"line":37,"column":22},"end":{"line":42,"column":10}},"18":{"start":{"line":43,"column":8},"end":{"line":43,"column":null}},"19":{"start":{"line":13,"column":0},"end":{"line":13,"column":21}}},"fnMap":{"0":{"name":"(anonymous_8)","decl":{"start":{"line":14,"column":4},"end":{"line":14,"column":null}},"loc":{"start":{"line":16,"column":58},"end":{"line":17,"column":9}}},"1":{"name":"(anonymous_9)","decl":{"start":{"line":18,"column":10},"end":{"line":18,"column":18}},"loc":{"start":{"line":18,"column":35},"end":{"line":44,"column":null}}}},"branchMap":{"0":{"loc":{"start":{"line":22,"column":8},"end":{"line":22,"column":null}},"type":"if","locations":[{"start":{"line":22,"column":8},"end":{"line":22,"column":null}}]},"1":{"loc":{"start":{"line":23,"column":8},"end":{"line":23,"column":null}},"type":"if","locations":[{"start":{"line":23,"column":8},"end":{"line":23,"column":null}}]},"2":{"loc":{"start":{"line":27,"column":8},"end":{"line":27,"column":null}},"type":"if","locations":[{"start":{"line":27,"column":8},"end":{"line":27,"column":null}}]},"3":{"loc":{"start":{"line":27,"column":12},"end":{"line":27,"column":36}},"type":"binary-expr","locations":[{"start":{"line":27,"column":12},"end":{"line":27,"column":18}},{"start":{"line":27,"column":22},"end":{"line":27,"column":36}}]},"4":{"loc":{"start":{"line":34,"column":8},"end":{"line":34,"column":null}},"type":"if","locations":[{"start":{"line":34,"column":8},"end":{"line":34,"column":null}}]}},"s":{"0":1,"1":1,"2":5,"3":5,"4":5,"5":5,"6":5,"7":1,"8":4,"9":1,"10":3,"11":3,"12":1,"13":2,"14":2,"15":1,"16":1,"17":1,"18":1,"19":1},"f":{"0":5,"1":5},"b":{"0":[1],"1":[1],"2":[1],"3":[3,2],"4":[1]}}
,"C:\\Users\\evand\\OneDrive\\Área de Trabalho\\code-fire\\packages\\auth\\src\\usecases\\usuario\\RegistrarUsuario.ts": {"path":"C:\\Users\\evand\\OneDrive\\Área de Trabalho\\code-fire\\packages\\auth\\src\\usecases\\usuario\\RegistrarUsuario.ts","statementMap":{"0":{"start":{"line":1,"column":0},"end":{"line":1,"column":65}},"1":{"start":{"line":2,"column":0},"end":{"line":2,"column":58}},"2":{"start":{"line":5,"column":0},"end":{"line":5,"column":38}},"3":{"start":{"line":17,"column":16},"end":{"line":17,"column":40}},"4":{"start":{"line":18,"column":16},"end":{"line":18,"column":58}},"5":{"start":{"line":22,"column":8},"end":{"line":24,"column":9}},"6":{"start":{"line":23,"column":12},"end":{"line":23,"column":null}},"7":{"start":{"line":26,"column":29},"end":{"line":26,"column":78}},"8":{"start":{"line":27,"column":22},"end":{"line":27,"column":46}},"9":{"start":{"line":28,"column":22},"end":{"line":28,"column":51}},"10":{"start":{"line":29,"column":24},"end":{"line":29,"column":52}},"11":{"start":{"line":31,"column":26},"end":{"line":31,"column":77}},"12":{"start":{"line":33,"column":30},"end":{"line":33,"column":72}},"13":{"start":{"line":34,"column":8},"end":{"line":34,"column":null}},"14":{"start":{"line":34,"column":27},"end":{"line":34,"column":null}},"15":{"start":{"line":36,"column":33},"end":{"line":41,"column":10}},"16":{"start":{"line":43,"column":8},"end":{"line":43,"column":null}},"17":{"start":{"line":15,"column":0},"end":{"line":15,"column":21}}},"fnMap":{"0":{"name":"(anonymous_8)","decl":{"start":{"line":16,"column":4},"end":{"line":16,"column":null}},"loc":{"start":{"line":18,"column":58},"end":{"line":19,"column":9}}},"1":{"name":"(anonymous_9)","decl":{"start":{"line":21,"column":10},"end":{"line":21,"column":18}},"loc":{"start":{"line":21,"column":35},"end":{"line":44,"column":null}}}},"branchMap":{"0":{"loc":{"start":{"line":22,"column":8},"end":{"line":24,"column":9}},"type":"if","locations":[{"start":{"line":22,"column":8},"end":{"line":24,"column":9}}]},"1":{"loc":{"start":{"line":34,"column":8},"end":{"line":34,"column":null}},"type":"if","locations":[{"start":{"line":34,"column":8},"end":{"line":34,"column":null}}]}},"s":{"0":1,"1":1,"2":1,"3":4,"4":4,"5":6,"6":1,"7":5,"8":4,"9":4,"10":4,"11":4,"12":4,"13":4,"14":1,"15":3,"16":3,"17":1},"f":{"0":4,"1":6},"b":{"0":[1],"1":[1]}}
,"C:\\Users\\evand\\OneDrive\\Área de Trabalho\\code-fire\\packages\\auth\\src\\usecases\\usuario\\RemoverUsuario.ts": {"path":"C:\\Users\\evand\\OneDrive\\Área de Trabalho\\code-fire\\packages\\auth\\src\\usecases\\usuario\\RemoverUsuario.ts","statementMap":{"0":{"start":{"line":6,"column":24},"end":{"line":6,"column":48}},"1":{"start":{"line":9,"column":8},"end":{"line":9,"column":null}},"2":{"start":{"line":5,"column":0},"end":{"line":5,"column":21}}},"fnMap":{"0":{"name":"(anonymous_7)","decl":{"start":{"line":6,"column":4},"end":{"line":6,"column":24}},"loc":{"start":{"line":6,"column":48},"end":{"line":6,"column":52}}},"1":{"name":"(anonymous_8)","decl":{"start":{"line":8,"column":10},"end":{"line":8,"column":18}},"loc":{"start":{"line":8,"column":36},"end":{"line":10,"column":null}}}},"branchMap":{},"s":{"0":1,"1":1,"2":1},"f":{"0":1,"1":1},"b":{}}
,"C:\\Users\\evand\\OneDrive\\Área de Trabalho\\code-fire\\packages\\auth\\test\\mock\\ProvedorCriptografiaMock.ts": {"path":"C:\\Users\\evand\\OneDrive\\Área de Trabalho\\code-fire\\packages\\auth\\test\\mock\\ProvedorCriptografiaMock.ts","statementMap":{"0":{"start":{"line":5,"column":22},"end":{"line":5,"column":84}},"1":{"start":{"line":6,"column":22},"end":{"line":6,"column":84}},"2":{"start":{"line":7,"column":23},"end":{"line":7,"column":35}},"3":{"start":{"line":8,"column":23},"end":{"line":8,"column":35}},"4":{"start":{"line":9,"column":8},"end":{"line":13,"column":9}},"5":{"start":{"line":10,"column":12},"end":{"line":10,"column":null}},"6":{"start":{"line":11,"column":15},"end":{"line":13,"column":9}},"7":{"start":{"line":12,"column":12},"end":{"line":12,"column":null}},"8":{"start":{"line":14,"column":8},"end":{"line":14,"column":null}},"9":{"start":{"line":17,"column":22},"end":{"line":17,"column":84}},"10":{"start":{"line":18,"column":22},"end":{"line":18,"column":84}},"11":{"start":{"line":19,"column":23},"end":{"line":19,"column":35}},"12":{"start":{"line":20,"column":23},"end":{"line":20,"column":35}},"13":{"start":{"line":21,"column":8},"end":{"line":25,"column":9}},"14":{"start":{"line":22,"column":12},"end":{"line":22,"column":null}},"15":{"start":{"line":23,"column":15},"end":{"line":25,"column":9}},"16":{"start":{"line":24,"column":12},"end":{"line":24,"column":null}},"17":{"start":{"line":26,"column":8},"end":{"line":26,"column":null}},"18":{"start":{"line":3,"column":0},"end":{"line":3,"column":21}}},"fnMap":{"0":{"name":"(anonymous_0)","decl":{"start":{"line":4,"column":4},"end":{"line":4,"column":16}},"loc":{"start":{"line":4,"column":30},"end":{"line":15,"column":5}}},"1":{"name":"(anonymous_1)","decl":{"start":{"line":16,"column":4},"end":{"line":16,"column":12}},"loc":{"start":{"line":16,"column":54},"end":{"line":27,"column":5}}}},"branchMap":{"0":{"loc":{"start":{"line":9,"column":8},"end":{"line":13,"column":9}},"type":"if","locations":[{"start":{"line":9,"column":8},"end":{"line":13,"column":9}},{"start":{"line":11,"column":15},"end":{"line":13,"column":9}}]},"1":{"loc":{"start":{"line":11,"column":15},"end":{"line":13,"column":9}},"type":"if","locations":[{"start":{"line":11,"column":15},"end":{"line":13,"column":9}}]},"2":{"loc":{"start":{"line":21,"column":8},"end":{"line":25,"column":9}},"type":"if","locations":[{"start":{"line":21,"column":8},"end":{"line":25,"column":9}},{"start":{"line":23,"column":15},"end":{"line":25,"column":9}}]},"3":{"loc":{"start":{"line":21,"column":12},"end":{"line":21,"column":60}},"type":"binary-expr","locations":[{"start":{"line":21,"column":12},"end":{"line":21,"column":28}},{"start":{"line":21,"column":32},"end":{"line":21,"column":60}}]},"4":{"loc":{"start":{"line":23,"column":15},"end":{"line":25,"column":9}},"type":"if","locations":[{"start":{"line":23,"column":15},"end":{"line":25,"column":9}}]},"5":{"loc":{"start":{"line":23,"column":19},"end":{"line":23,"column":67}},"type":"binary-expr","locations":[{"start":{"line":23,"column":19},"end":{"line":23,"column":35}},{"start":{"line":23,"column":39},"end":{"line":23,"column":67}}]}},"s":{"0":5,"1":5,"2":5,"3":5,"4":5,"5":4,"6":1,"7":1,"8":0,"9":4,"10":4,"11":4,"12":4,"13":4,"14":2,"15":2,"16":0,"17":2,"18":3},"f":{"0":5,"1":4},"b":{"0":[4,1],"1":[1],"2":[2,2],"3":[4,2],"4":[0],"5":[2,1]}}
,"C:\\Users\\evand\\OneDrive\\Área de Trabalho\\code-fire\\packages\\auth\\test\\mock\\RepositorioPerfilMock.ts": {"path":"C:\\Users\\evand\\OneDrive\\Área de Trabalho\\code-fire\\packages\\auth\\test\\mock\\RepositorioPerfilMock.ts","statementMap":{"0":{"start":{"line":5,"column":33},"end":{"line":5,"column":52}},"1":{"start":{"line":8,"column":8},"end":{"line":10,"column":null}},"2":{"start":{"line":9,"column":12},"end":{"line":9,"column":82}},"3":{"start":{"line":9,"column":55},"end":{"line":9,"column":81}},"4":{"start":{"line":14,"column":8},"end":{"line":15,"column":null}},"5":{"start":{"line":14,"column":44},"end":{"line":14,"column":75}},"6":{"start":{"line":19,"column":8},"end":{"line":19,"column":null}},"7":{"start":{"line":23,"column":8},"end":{"line":23,"column":null}},"8":{"start":{"line":23,"column":39},"end":{"line":23,"column":57}},"9":{"start":{"line":27,"column":8},"end":{"line":27,"column":null}},"10":{"start":{"line":31,"column":8},"end":{"line":31,"column":null}},"11":{"start":{"line":34,"column":22},"end":{"line":34,"column":70}},"12":{"start":{"line":34,"column":51},"end":{"line":34,"column":69}},"13":{"start":{"line":35,"column":8},"end":{"line":37,"column":9}},"14":{"start":{"line":36,"column":12},"end":{"line":36,"column":null}},"15":{"start":{"line":41,"column":22},"end":{"line":41,"column":79}},"16":{"start":{"line":41,"column":51},"end":{"line":41,"column":78}},"17":{"start":{"line":42,"column":8},"end":{"line":46,"column":9}},"18":{"start":{"line":43,"column":12},"end":{"line":43,"column":null}},"19":{"start":{"line":45,"column":12},"end":{"line":45,"column":null}},"20":{"start":{"line":4,"column":0},"end":{"line":4,"column":21}}},"fnMap":{"0":{"name":"(anonymous_7)","decl":{"start":{"line":5,"column":4},"end":{"line":5,"column":33}},"loc":{"start":{"line":5,"column":54},"end":{"line":5,"column":59}}},"1":{"name":"(anonymous_8)","decl":{"start":{"line":7,"column":10},"end":{"line":7,"column":35}},"loc":{"start":{"line":7,"column":46},"end":{"line":11,"column":null}}},"2":{"name":"(anonymous_10)","decl":{"start":{"line":8,"column":32},"end":{"line":8,"column":33}},"loc":{"start":{"line":9,"column":12},"end":{"line":9,"column":82}}},"3":{"name":"(anonymous_11)","decl":{"start":{"line":9,"column":40},"end":{"line":9,"column":41}},"loc":{"start":{"line":9,"column":55},"end":{"line":9,"column":81}}},"4":{"name":"(anonymous_12)","decl":{"start":{"line":13,"column":10},"end":{"line":13,"column":28}},"loc":{"start":{"line":13,"column":41},"end":{"line":16,"column":null}}},"5":{"name":"(anonymous_14)","decl":{"start":{"line":14,"column":32},"end":{"line":14,"column":33}},"loc":{"start":{"line":14,"column":44},"end":{"line":14,"column":75}}},"6":{"name":"(anonymous_15)","decl":{"start":{"line":18,"column":10},"end":{"line":18,"column":21}},"loc":{"start":{"line":18,"column":21},"end":{"line":20,"column":null}}},"7":{"name":"(anonymous_17)","decl":{"start":{"line":22,"column":10},"end":{"line":22,"column":26}},"loc":{"start":{"line":22,"column":37},"end":{"line":24,"column":null}}},"8":{"name":"(anonymous_19)","decl":{"start":{"line":23,"column":32},"end":{"line":23,"column":33}},"loc":{"start":{"line":23,"column":39},"end":{"line":23,"column":57}}},"9":{"name":"(anonymous_20)","decl":{"start":{"line":26,"column":10},"end":{"line":26,"column":21}},"loc":{"start":{"line":26,"column":36},"end":{"line":28,"column":null}}},"10":{"name":"(anonymous_22)","decl":{"start":{"line":30,"column":10},"end":{"line":30,"column":22}},"loc":{"start":{"line":30,"column":37},"end":{"line":32,"column":null}}},"11":{"name":"(anonymous_24)","decl":{"start":{"line":33,"column":10},"end":{"line":33,"column":23}},"loc":{"start":{"line":33,"column":34},"end":{"line":38,"column":null}}},"12":{"name":"(anonymous_26)","decl":{"start":{"line":34,"column":44},"end":{"line":34,"column":45}},"loc":{"start":{"line":34,"column":51},"end":{"line":34,"column":69}}},"13":{"name":"(anonymous_27)","decl":{"start":{"line":40,"column":12},"end":{"line":40,"column":19}},"loc":{"start":{"line":40,"column":34},"end":{"line":47,"column":5}}},"14":{"name":"(anonymous_28)","decl":{"start":{"line":41,"column":44},"end":{"line":41,"column":45}},"loc":{"start":{"line":41,"column":51},"end":{"line":41,"column":78}}}},"branchMap":{"0":{"loc":{"start":{"line":5,"column":33},"end":{"line":5,"column":54}},"type":"default-arg","locations":[{"start":{"line":5,"column":52},"end":{"line":5,"column":54}}]},"1":{"loc":{"start":{"line":8,"column":15},"end":{"line":10,"column":17}},"type":"cond-expr","locations":[{"start":{"line":10,"column":9},"end":{"line":10,"column":13}},{"start":{"line":10,"column":13},"end":{"line":10,"column":17}}]},"2":{"loc":{"start":{"line":8,"column":15},"end":{"line":10,"column":13}},"type":"binary-expr","locations":[{"start":{"line":8,"column":15},"end":{"line":10,"column":13}},{"start":{"line":10,"column":9},"end":{"line":10,"column":13}}]},"3":{"loc":{"start":{"line":14,"column":15},"end":{"line":15,"column":17}},"type":"cond-expr","locations":[{"start":{"line":15,"column":9},"end":{"line":15,"column":13}},{"start":{"line":15,"column":13},"end":{"line":15,"column":17}}]},"4":{"loc":{"start":{"line":14,"column":15},"end":{"line":15,"column":13}},"type":"binary-expr","locations":[{"start":{"line":14,"column":15},"end":{"line":15,"column":13}},{"start":{"line":15,"column":9},"end":{"line":15,"column":13}}]},"5":{"loc":{"start":{"line":23,"column":15},"end":{"line":23,"column":66}},"type":"cond-expr","locations":[{"start":{"line":23,"column":58},"end":{"line":23,"column":62}},{"start":{"line":23,"column":62},"end":{"line":23,"column":66}}]},"6":{"loc":{"start":{"line":23,"column":15},"end":{"line":23,"column":62}},"type":"binary-expr","locations":[{"start":{"line":23,"column":15},"end":{"line":23,"column":62}},{"start":{"line":23,"column":58},"end":{"line":23,"column":62}}]},"7":{"loc":{"start":{"line":35,"column":8},"end":{"line":37,"column":9}},"type":"if","locations":[{"start":{"line":35,"column":8},"end":{"line":37,"column":9}}]},"8":{"loc":{"start":{"line":42,"column":8},"end":{"line":46,"column":9}},"type":"if","locations":[{"start":{"line":42,"column":8},"end":{"line":46,"column":9}},{"start":{"line":44,"column":15},"end":{"line":46,"column":9}}]}},"s":{"0":18,"1":2,"2":1,"3":1,"4":13,"5":8,"6":1,"7":14,"8":11,"9":5,"10":4,"11":1,"12":1,"13":1,"14":1,"15":9,"16":4,"17":9,"18":4,"19":5,"20":5},"f":{"0":18,"1":2,"2":1,"3":1,"4":13,"5":8,"6":1,"7":14,"8":11,"9":5,"10":4,"11":1,"12":1,"13":9,"14":4},"b":{"0":[9],"1":[1,1],"2":[2,2],"3":[6,7],"4":[13,13],"5":[11,3],"6":[14,14],"7":[1],"8":[4,5]}}
,"C:\\Users\\evand\\OneDrive\\Área de Trabalho\\code-fire\\packages\\auth\\test\\mock\\RepositorioPermissaoMock.ts": {"path":"C:\\Users\\evand\\OneDrive\\Área de Trabalho\\code-fire\\packages\\auth\\test\\mock\\RepositorioPermissaoMock.ts","statementMap":{"0":{"start":{"line":4,"column":33},"end":{"line":4,"column":59}},"1":{"start":{"line":7,"column":8},"end":{"line":8,"column":null}},"2":{"start":{"line":7,"column":51},"end":{"line":7,"column":88}},"3":{"start":{"line":12,"column":8},"end":{"line":12,"column":null}},"4":{"start":{"line":16,"column":8},"end":{"line":16,"column":null}},"5":{"start":{"line":16,"column":43},"end":{"line":16,"column":61}},"6":{"start":{"line":20,"column":8},"end":{"line":20,"column":null}},"7":{"start":{"line":24,"column":8},"end":{"line":24,"column":null}},"8":{"start":{"line":28,"column":22},"end":{"line":28,"column":74}},"9":{"start":{"line":28,"column":55},"end":{"line":28,"column":73}},"10":{"start":{"line":29,"column":8},"end":{"line":31,"column":9}},"11":{"start":{"line":30,"column":12},"end":{"line":30,"column":null}},"12":{"start":{"line":35,"column":22},"end":{"line":35,"column":91}},"13":{"start":{"line":35,"column":55},"end":{"line":35,"column":90}},"14":{"start":{"line":36,"column":8},"end":{"line":40,"column":9}},"15":{"start":{"line":37,"column":12},"end":{"line":37,"column":null}},"16":{"start":{"line":39,"column":12},"end":{"line":39,"column":null}},"17":{"start":{"line":3,"column":0},"end":{"line":3,"column":13}}},"fnMap":{"0":{"name":"(anonymous_7)","decl":{"start":{"line":4,"column":4},"end":{"line":4,"column":33}},"loc":{"start":{"line":4,"column":61},"end":{"line":4,"column":66}}},"1":{"name":"(anonymous_8)","decl":{"start":{"line":6,"column":10},"end":{"line":6,"column":31}},"loc":{"start":{"line":6,"column":44},"end":{"line":9,"column":null}}},"2":{"name":"(anonymous_10)","decl":{"start":{"line":7,"column":36},"end":{"line":7,"column":37}},"loc":{"start":{"line":7,"column":51},"end":{"line":7,"column":88}}},"3":{"name":"(anonymous_11)","decl":{"start":{"line":11,"column":10},"end":{"line":11,"column":25}},"loc":{"start":{"line":11,"column":25},"end":{"line":13,"column":null}}},"4":{"name":"(anonymous_13)","decl":{"start":{"line":15,"column":10},"end":{"line":15,"column":29}},"loc":{"start":{"line":15,"column":40},"end":{"line":17,"column":null}}},"5":{"name":"(anonymous_15)","decl":{"start":{"line":16,"column":36},"end":{"line":16,"column":37}},"loc":{"start":{"line":16,"column":43},"end":{"line":16,"column":61}}},"6":{"name":"(anonymous_16)","decl":{"start":{"line":19,"column":10},"end":{"line":19,"column":24}},"loc":{"start":{"line":19,"column":45},"end":{"line":21,"column":null}}},"7":{"name":"(anonymous_18)","decl":{"start":{"line":23,"column":10},"end":{"line":23,"column":25}},"loc":{"start":{"line":23,"column":46},"end":{"line":25,"column":null}}},"8":{"name":"(anonymous_20)","decl":{"start":{"line":27,"column":10},"end":{"line":27,"column":26}},"loc":{"start":{"line":27,"column":37},"end":{"line":32,"column":null}}},"9":{"name":"(anonymous_22)","decl":{"start":{"line":28,"column":48},"end":{"line":28,"column":49}},"loc":{"start":{"line":28,"column":55},"end":{"line":28,"column":73}}},"10":{"name":"(anonymous_23)","decl":{"start":{"line":34,"column":12},"end":{"line":34,"column":19}},"loc":{"start":{"line":34,"column":40},"end":{"line":41,"column":5}}},"11":{"name":"(anonymous_24)","decl":{"start":{"line":35,"column":48},"end":{"line":35,"column":49}},"loc":{"start":{"line":35,"column":55},"end":{"line":35,"column":90}}}},"branchMap":{"0":{"loc":{"start":{"line":4,"column":33},"end":{"line":4,"column":61}},"type":"default-arg","locations":[{"start":{"line":4,"column":59},"end":{"line":4,"column":61}}]},"1":{"loc":{"start":{"line":7,"column":15},"end":{"line":8,"column":17}},"type":"cond-expr","locations":[{"start":{"line":8,"column":9},"end":{"line":8,"column":13}},{"start":{"line":8,"column":13},"end":{"line":8,"column":17}}]},"2":{"loc":{"start":{"line":7,"column":15},"end":{"line":8,"column":13}},"type":"binary-expr","locations":[{"start":{"line":7,"column":15},"end":{"line":8,"column":13}},{"start":{"line":8,"column":9},"end":{"line":8,"column":13}}]},"3":{"loc":{"start":{"line":16,"column":15},"end":{"line":16,"column":70}},"type":"cond-expr","locations":[{"start":{"line":16,"column":62},"end":{"line":16,"column":66}},{"start":{"line":16,"column":66},"end":{"line":16,"column":70}}]},"4":{"loc":{"start":{"line":16,"column":15},"end":{"line":16,"column":66}},"type":"binary-expr","locations":[{"start":{"line":16,"column":15},"end":{"line":16,"column":66}},{"start":{"line":16,"column":62},"end":{"line":16,"column":66}}]},"5":{"loc":{"start":{"line":29,"column":8},"end":{"line":31,"column":9}},"type":"if","locations":[{"start":{"line":29,"column":8},"end":{"line":31,"column":9}}]},"6":{"loc":{"start":{"line":36,"column":8},"end":{"line":40,"column":9}},"type":"if","locations":[{"start":{"line":36,"column":8},"end":{"line":40,"column":9}},{"start":{"line":38,"column":15},"end":{"line":40,"column":9}}]}},"s":{"0":22,"1":7,"2":5,"3":1,"4":18,"5":19,"6":2,"7":2,"8":1,"9":1,"10":1,"11":1,"12":4,"13":2,"14":4,"15":2,"16":2,"17":7},"f":{"0":22,"1":7,"2":5,"3":1,"4":18,"5":19,"6":2,"7":2,"8":1,"9":1,"10":4,"11":2},"b":{"0":[10],"1":[4,3],"2":[7,7],"3":[14,4],"4":[18,18],"5":[1],"6":[2,2]}}
,"C:\\Users\\evand\\OneDrive\\Área de Trabalho\\code-fire\\packages\\auth\\test\\mock\\RepositorioUsuarioMock.ts": {"path":"C:\\Users\\evand\\OneDrive\\Área de Trabalho\\code-fire\\packages\\auth\\test\\mock\\RepositorioUsuarioMock.ts","statementMap":{"0":{"start":{"line":5,"column":33},"end":{"line":5,"column":55}},"1":{"start":{"line":8,"column":8},"end":{"line":10,"column":null}},"2":{"start":{"line":9,"column":12},"end":{"line":9,"column":73}},"3":{"start":{"line":9,"column":49},"end":{"line":9,"column":72}},"4":{"start":{"line":14,"column":8},"end":{"line":14,"column":null}},"5":{"start":{"line":18,"column":8},"end":{"line":18,"column":null}},"6":{"start":{"line":18,"column":41},"end":{"line":18,"column":59}},"7":{"start":{"line":22,"column":8},"end":{"line":22,"column":null}},"8":{"start":{"line":22,"column":41},"end":{"line":22,"column":63}},"9":{"start":{"line":26,"column":8},"end":{"line":26,"column":null}},"10":{"start":{"line":30,"column":8},"end":{"line":30,"column":null}},"11":{"start":{"line":34,"column":22},"end":{"line":34,"column":72}},"12":{"start":{"line":34,"column":53},"end":{"line":34,"column":71}},"13":{"start":{"line":35,"column":8},"end":{"line":37,"column":9}},"14":{"start":{"line":36,"column":12},"end":{"line":36,"column":null}},"15":{"start":{"line":41,"column":22},"end":{"line":41,"column":87}},"16":{"start":{"line":41,"column":53},"end":{"line":41,"column":86}},"17":{"start":{"line":42,"column":8},"end":{"line":46,"column":9}},"18":{"start":{"line":43,"column":12},"end":{"line":43,"column":null}},"19":{"start":{"line":45,"column":12},"end":{"line":45,"column":null}},"20":{"start":{"line":4,"column":0},"end":{"line":4,"column":21}}},"fnMap":{"0":{"name":"(anonymous_7)","decl":{"start":{"line":5,"column":4},"end":{"line":5,"column":33}},"loc":{"start":{"line":5,"column":57},"end":{"line":5,"column":62}}},"1":{"name":"(anonymous_8)","decl":{"start":{"line":7,"column":10},"end":{"line":7,"column":33}},"loc":{"start":{"line":7,"column":44},"end":{"line":11,"column":null}}},"2":{"name":"(anonymous_10)","decl":{"start":{"line":8,"column":34},"end":{"line":8,"column":35}},"loc":{"start":{"line":9,"column":12},"end":{"line":9,"column":73}}},"3":{"name":"(anonymous_11)","decl":{"start":{"line":9,"column":37},"end":{"line":9,"column":38}},"loc":{"start":{"line":9,"column":49},"end":{"line":9,"column":72}}},"4":{"name":"(anonymous_12)","decl":{"start":{"line":13,"column":10},"end":{"line":13,"column":23}},"loc":{"start":{"line":13,"column":23},"end":{"line":15,"column":null}}},"5":{"name":"(anonymous_14)","decl":{"start":{"line":17,"column":10},"end":{"line":17,"column":27}},"loc":{"start":{"line":17,"column":38},"end":{"line":19,"column":null}}},"6":{"name":"(anonymous_16)","decl":{"start":{"line":18,"column":34},"end":{"line":18,"column":35}},"loc":{"start":{"line":18,"column":41},"end":{"line":18,"column":59}}},"7":{"name":"(anonymous_17)","decl":{"start":{"line":21,"column":10},"end":{"line":21,"column":23}},"loc":{"start":{"line":21,"column":37},"end":{"line":23,"column":null}}},"8":{"name":"(anonymous_19)","decl":{"start":{"line":22,"column":34},"end":{"line":22,"column":35}},"loc":{"start":{"line":22,"column":41},"end":{"line":22,"column":63}}},"9":{"name":"(anonymous_20)","decl":{"start":{"line":25,"column":10},"end":{"line":25,"column":22}},"loc":{"start":{"line":25,"column":39},"end":{"line":27,"column":null}}},"10":{"name":"(anonymous_22)","decl":{"start":{"line":29,"column":10},"end":{"line":29,"column":23}},"loc":{"start":{"line":29,"column":40},"end":{"line":31,"column":null}}},"11":{"name":"(anonymous_24)","decl":{"start":{"line":33,"column":10},"end":{"line":33,"column":24}},"loc":{"start":{"line":33,"column":35},"end":{"line":38,"column":null}}},"12":{"name":"(anonymous_26)","decl":{"start":{"line":34,"column":46},"end":{"line":34,"column":47}},"loc":{"start":{"line":34,"column":53},"end":{"line":34,"column":71}}},"13":{"name":"(anonymous_27)","decl":{"start":{"line":40,"column":12},"end":{"line":40,"column":19}},"loc":{"start":{"line":40,"column":36},"end":{"line":47,"column":5}}},"14":{"name":"(anonymous_28)","decl":{"start":{"line":41,"column":46},"end":{"line":41,"column":47}},"loc":{"start":{"line":41,"column":53},"end":{"line":41,"column":86}}}},"branchMap":{"0":{"loc":{"start":{"line":5,"column":33},"end":{"line":5,"column":57}},"type":"default-arg","locations":[{"start":{"line":5,"column":55},"end":{"line":5,"column":57}}]},"1":{"loc":{"start":{"line":8,"column":15},"end":{"line":10,"column":17}},"type":"cond-expr","locations":[{"start":{"line":10,"column":9},"end":{"line":10,"column":13}},{"start":{"line":10,"column":13},"end":{"line":10,"column":17}}]},"2":{"loc":{"start":{"line":8,"column":15},"end":{"line":10,"column":13}},"type":"binary-expr","locations":[{"start":{"line":8,"column":15},"end":{"line":10,"column":13}},{"start":{"line":10,"column":9},"end":{"line":10,"column":13}}]},"3":{"loc":{"start":{"line":18,"column":15},"end":{"line":18,"column":68}},"type":"cond-expr","locations":[{"start":{"line":18,"column":60},"end":{"line":18,"column":64}},{"start":{"line":18,"column":64},"end":{"line":18,"column":68}}]},"4":{"loc":{"start":{"line":18,"column":15},"end":{"line":18,"column":64}},"type":"binary-expr","locations":[{"start":{"line":18,"column":15},"end":{"line":18,"column":64}},{"start":{"line":18,"column":60},"end":{"line":18,"column":64}}]},"5":{"loc":{"start":{"line":22,"column":15},"end":{"line":22,"column":72}},"type":"cond-expr","locations":[{"start":{"line":22,"column":64},"end":{"line":22,"column":68}},{"start":{"line":22,"column":68},"end":{"line":22,"column":72}}]},"6":{"loc":{"start":{"line":22,"column":15},"end":{"line":22,"column":68}},"type":"binary-expr","locations":[{"start":{"line":22,"column":15},"end":{"line":22,"column":68}},{"start":{"line":22,"column":64},"end":{"line":22,"column":68}}]},"7":{"loc":{"start":{"line":35,"column":8},"end":{"line":37,"column":9}},"type":"if","locations":[{"start":{"line":35,"column":8},"end":{"line":37,"column":9}}]},"8":{"loc":{"start":{"line":42,"column":8},"end":{"line":46,"column":9}},"type":"if","locations":[{"start":{"line":42,"column":8},"end":{"line":46,"column":9}},{"start":{"line":44,"column":15},"end":{"line":46,"column":9}}]}},"s":{"0":25,"1":2,"2":1,"3":1,"4":0,"5":15,"6":11,"7":10,"8":6,"9":3,"10":4,"11":1,"12":1,"13":1,"14":1,"15":7,"16":4,"17":7,"18":4,"19":3,"20":8},"f":{"0":25,"1":2,"2":1,"3":1,"4":0,"5":15,"6":11,"7":10,"8":6,"9":3,"10":4,"11":1,"12":1,"13":7,"14":4},"b":{"0":[10],"1":[1,1],"2":[2,2],"3":[10,5],"4":[15,15],"5":[6,4],"6":[10,10],"7":[1],"8":[4,3]}}
}
