TN:
SF:src\model\Perfil.ts
FN:16,(anonymous_0)
FN:24,(anonymous_1)
FN:28,(anonymous_2)
FN:32,(anonymous_3)
FN:37,(anonymous_4)
FN:41,(anonymous_5)
FN:48,(anonymous_6)
FN:50,(anonymous_7)
FN:52,(anonymous_8)
FNF:9
FNH:9
FNDA:17,(anonymous_0)
FNDA:3,(anonymous_1)
FNDA:18,(anonymous_2)
FNDA:11,(anonymous_3)
FNDA:9,(anonymous_4)
FNDA:3,(anonymous_5)
FNDA:2,(anonymous_6)
FNDA:2,(anonymous_7)
FNDA:2,(anonymous_8)
DA:1,3
DA:10,3
DA:17,17
DA:18,17
DA:19,17
DA:20,17
DA:21,17
DA:25,3
DA:29,18
DA:33,11
DA:34,11
DA:38,9
DA:39,6
DA:41,3
DA:42,3
DA:43,2
DA:49,2
DA:50,2
DA:51,2
DA:52,2
LF:20
LH:20
BRDA:21,0,0,16
BRDA:21,0,1,1
BRDA:34,1,0,5
BRDA:34,1,1,6
BRDA:38,2,0,6
BRDA:38,2,1,3
BRDA:42,3,0,2
BRDA:49,4,0,2
BRDA:51,5,0,1
BRF:9
BRH:9
end_of_record
TN:
SF:src\model\Permissao.ts
FN:15,(anonymous_0)
FNF:1
FNH:1
FNDA:15,(anonymous_0)
DA:1,3
DA:9,3
DA:16,15
DA:18,15
DA:19,15
DA:20,15
DA:21,15
LF:7
LH:7
BRDA:20,0,0,12
BRDA:20,0,1,3
BRDA:20,1,0,15
BRDA:20,1,1,15
BRF:4
BRH:4
end_of_record
TN:
SF:src\model\Usuario.ts
FN:30,(anonymous_1)
FN:45,(anonymous_2)
FN:49,(anonymous_3)
FN:53,(anonymous_4)
FN:58,(anonymous_5)
FN:62,(anonymous_6)
FN:69,(anonymous_7)
FN:71,(anonymous_8)
FN:73,(anonymous_9)
FN:78,(anonymous_10)
FNF:10
FNH:10
FNDA:10,(anonymous_1)
FNDA:3,(anonymous_2)
FNDA:19,(anonymous_3)
FNDA:11,(anonymous_4)
FNDA:9,(anonymous_5)
FNDA:3,(anonymous_6)
FNDA:2,(anonymous_7)
FNDA:2,(anonymous_8)
FNDA:2,(anonymous_9)
FNDA:1,(anonymous_10)
DA:1,2
DA:2,2
DA:17,2
DA:31,10
DA:32,10
DA:33,10
DA:34,10
DA:35,10
DA:36,10
DA:37,10
DA:38,10
DA:39,10
DA:40,10
DA:41,10
DA:42,10
DA:46,3
DA:50,19
DA:54,11
DA:55,11
DA:59,9
DA:60,6
DA:62,3
DA:63,3
DA:64,2
DA:70,2
DA:71,2
DA:72,2
DA:73,2
DA:79,1
LF:29
LH:29
BRDA:34,0,0,8
BRDA:34,0,1,2
BRDA:35,1,0,9
BRDA:35,1,1,1
BRDA:36,2,0,9
BRDA:36,2,1,1
BRDA:38,3,0,9
BRDA:38,3,1,1
BRDA:39,4,0,9
BRDA:39,4,1,1
BRDA:39,5,0,10
BRDA:39,5,1,10
BRDA:40,6,0,9
BRDA:40,6,1,1
BRDA:41,7,0,9
BRDA:41,7,1,1
BRDA:55,8,0,5
BRDA:55,8,1,6
BRDA:59,9,0,6
BRDA:59,9,1,3
BRDA:63,10,0,2
BRDA:70,11,0,2
BRDA:72,12,0,1
BRF:23
BRH:23
end_of_record
TN:
SF:src\model\index.ts
FNF:0
FNH:0
DA:1,1
DA:2,1
DA:3,1
DA:6,1
DA:7,1
DA:8,1
LF:6
LH:6
BRF:0
BRH:0
end_of_record
TN:
SF:src\model\obj-valor\SenhaForte.ts
FN:3,(anonymous_0)
FN:9,(anonymous_1)
FNF:2
FNH:2
FNDA:6,(anonymous_0)
FNDA:8,(anonymous_1)
DA:1,1
DA:4,6
DA:5,5
DA:7,1
DA:10,8
DA:11,8
LF:6
LH:6
BRDA:4,0,0,5
BRF:1
BRH:1
end_of_record
TN:
SF:src\model\obj-valor\SenhaHash.ts
FN:4,(anonymous_0)
FN:10,(anonymous_1)
FNF:2
FNH:2
FNDA:16,(anonymous_0)
FNDA:19,(anonymous_1)
DA:1,3
DA:5,16
DA:6,4
DA:8,12
DA:11,19
DA:12,19
LF:6
LH:6
BRDA:5,0,0,4
BRF:1
BRH:1
end_of_record
TN:
SF:test\mock\RepositorioPermissaoMock.ts
FN:5,(anonymous_7)
FN:7,(anonymous_8)
FN:11,(anonymous_10)
FN:12,(anonymous_12)
FN:15,(anonymous_13)
FN:19,(anonymous_15)
FN:23,(anonymous_17)
FN:24,(anonymous_19)
FN:30,(anonymous_20)
FN:31,(anonymous_21)
FNF:10
FNH:5
FNDA:1,(anonymous_7)
FNDA:0,(anonymous_8)
FNDA:1,(anonymous_10)
FNDA:1,(anonymous_12)
FNDA:1,(anonymous_13)
FNDA:0,(anonymous_15)
FNDA:0,(anonymous_17)
FNDA:0,(anonymous_19)
FNDA:1,(anonymous_20)
FNDA:0,(anonymous_21)
DA:4,1
DA:5,1
DA:8,0
DA:12,1
DA:16,1
DA:20,0
DA:24,0
DA:25,0
DA:26,0
DA:31,1
DA:32,1
DA:33,0
DA:35,1
LF:13
LH:7
BRDA:5,0,0,1
BRDA:12,1,0,0
BRDA:12,1,1,1
BRDA:12,2,0,1
BRDA:12,2,1,1
BRDA:25,3,0,0
BRDA:32,4,0,0
BRDA:32,4,1,1
BRF:8
BRH:5
end_of_record
