TN:
SF:src\index.ts
FNF:0
FNH:0
DA:1,13
DA:2,13
LF:2
LH:2
BRF:0
BRH:0
end_of_record
TN:
SF:src\model\Perfil.ts
FN:16,(anonymous_0)
FN:24,(anonymous_1)
FN:28,(anonymous_2)
FN:32,(anonymous_3)
FN:37,(anonymous_4)
FN:40,(anonymous_5)
FN:44,(anonymous_6)
FN:48,(anonymous_7)
FN:55,(anonymous_8)
FN:57,(anonymous_9)
FN:59,(anonymous_10)
FNF:11
FNH:11
FNDA:39,(anonymous_0)
FNDA:13,(anonymous_1)
FNDA:42,(anonymous_2)
FNDA:30,(anonymous_3)
FNDA:21,(anonymous_4)
FNDA:6,(anonymous_5)
FNDA:28,(anonymous_6)
FNDA:16,(anonymous_7)
FNDA:2,(anonymous_8)
FNDA:2,(anonymous_9)
FNDA:2,(anonymous_10)
DA:1,17
DA:10,17
DA:17,39
DA:18,39
DA:19,39
DA:20,39
DA:21,39
DA:25,13
DA:29,42
DA:33,30
DA:34,30
DA:38,21
DA:41,6
DA:45,28
DA:46,16
DA:48,16
DA:49,12
DA:50,11
DA:56,2
DA:57,2
DA:58,2
DA:59,2
LF:22
LH:22
BRDA:21,0,0,16
BRDA:21,0,1,23
BRDA:34,1,0,14
BRDA:34,1,1,16
BRDA:45,2,0,16
BRDA:45,2,1,12
BRDA:49,3,0,11
BRDA:56,4,0,2
BRDA:58,5,0,1
BRF:9
BRH:9
end_of_record
TN:
SF:src\model\Permissao.ts
FN:15,(anonymous_0)
FN:24,(anonymous_1)
FN:28,(anonymous_2)
FN:32,(anonymous_3)
FNF:4
FNH:4
FNDA:41,(anonymous_0)
FNDA:35,(anonymous_1)
FNDA:16,(anonymous_2)
FNDA:1,(anonymous_3)
DA:1,17
DA:9,17
DA:16,41
DA:18,41
DA:19,41
DA:20,41
DA:21,41
DA:25,35
DA:29,16
DA:33,1
LF:10
LH:10
BRDA:20,0,0,11
BRDA:20,0,1,30
BRDA:20,1,0,41
BRDA:20,1,1,41
BRF:4
BRH:4
end_of_record
TN:
SF:src\model\Usuario.ts
FN:30,(anonymous_1)
FN:45,(anonymous_2)
FN:48,(anonymous_3)
FN:52,(anonymous_4)
FN:56,(anonymous_5)
FN:60,(anonymous_6)
FN:64,(anonymous_7)
FN:68,(anonymous_8)
FN:72,(anonymous_9)
FN:76,(anonymous_10)
FN:81,(anonymous_11)
FN:85,(anonymous_12)
FN:92,(anonymous_13)
FN:94,(anonymous_14)
FN:96,(anonymous_15)
FN:101,(anonymous_16)
FNF:16
FNH:16
FNDA:33,(anonymous_1)
FNDA:1,(anonymous_2)
FNDA:2,(anonymous_3)
FNDA:9,(anonymous_4)
FNDA:7,(anonymous_5)
FNDA:3,(anonymous_6)
FNDA:4,(anonymous_7)
FNDA:20,(anonymous_8)
FNDA:6,(anonymous_9)
FNDA:12,(anonymous_10)
FNDA:10,(anonymous_11)
FNDA:3,(anonymous_12)
FNDA:2,(anonymous_13)
FNDA:2,(anonymous_14)
FNDA:2,(anonymous_15)
FNDA:2,(anonymous_16)
DA:1,16
DA:2,16
DA:17,16
DA:31,33
DA:32,33
DA:33,33
DA:34,33
DA:35,33
DA:36,33
DA:37,33
DA:38,33
DA:39,33
DA:40,33
DA:41,33
DA:42,33
DA:46,1
DA:49,2
DA:53,9
DA:57,7
DA:61,3
DA:65,4
DA:69,20
DA:73,6
DA:77,12
DA:78,12
DA:82,10
DA:83,7
DA:85,3
DA:86,3
DA:87,2
DA:93,2
DA:94,2
DA:95,2
DA:96,2
DA:102,2
LF:35
LH:35
BRDA:34,0,0,27
BRDA:34,0,1,6
BRDA:35,1,0,31
BRDA:35,1,1,2
BRDA:36,2,0,23
BRDA:36,2,1,10
BRDA:38,3,0,13
BRDA:38,3,1,20
BRDA:38,4,0,33
BRDA:38,4,1,33
BRDA:39,5,0,9
BRDA:39,5,1,24
BRDA:39,6,0,33
BRDA:39,6,1,33
BRDA:40,7,0,9
BRDA:40,7,1,24
BRDA:41,8,0,9
BRDA:41,8,1,24
BRDA:49,9,0,1
BRDA:49,9,1,1
BRDA:49,10,0,2
BRDA:49,10,1,1
BRDA:53,11,0,5
BRDA:53,11,1,4
BRDA:53,12,0,4
BRDA:53,12,1,5
BRDA:53,13,0,9
BRDA:53,13,1,5
BRDA:61,14,0,1
BRDA:61,14,1,2
BRDA:61,15,0,3
BRDA:61,15,1,2
BRDA:78,16,0,5
BRDA:78,16,1,7
BRDA:82,17,0,7
BRDA:82,17,1,3
BRDA:86,18,0,2
BRDA:93,19,0,2
BRDA:95,20,0,1
BRF:39
BRH:39
end_of_record
TN:
SF:src\model\index.ts
FNF:0
FNH:0
DA:1,15
DA:2,15
DA:3,15
DA:6,15
DA:7,15
DA:8,15
LF:6
LH:6
BRF:0
BRH:0
end_of_record
TN:
SF:src\model\obj-valor\SenhaForte.ts
FN:4,(anonymous_0)
FN:14,(anonymous_1)
FN:19,(anonymous_2)
FNF:3
FNH:3
FNDA:14,(anonymous_0)
FNDA:15,(anonymous_1)
FNDA:6,(anonymous_2)
DA:1,3
DA:5,14
DA:7,13
DA:9,13
DA:10,4
DA:15,15
DA:16,15
DA:20,6
LF:8
LH:8
BRDA:5,0,0,1
BRDA:9,1,0,4
BRF:2
BRH:2
end_of_record
TN:
SF:src\model\obj-valor\SenhaHash.ts
FN:4,(anonymous_0)
FN:14,(anonymous_1)
FN:19,(anonymous_2)
FNF:3
FNH:3
FNDA:36,(anonymous_0)
FNDA:38,(anonymous_1)
FNDA:10,(anonymous_2)
DA:1,17
DA:6,36
DA:8,35
DA:10,35
DA:11,4
DA:15,38
DA:16,38
DA:20,10
LF:8
LH:8
BRDA:6,0,0,1
BRDA:10,1,0,4
BRF:2
BRH:2
end_of_record
TN:
SF:src\usecases\perfil\CriarPerfil.ts
FN:15,(anonymous_8)
FN:19,(anonymous_9)
FNF:2
FNH:2
FNDA:5,(anonymous_8)
FNDA:6,(anonymous_9)
DA:2,1
DA:14,1
DA:16,5
DA:17,5
DA:20,6
DA:21,6
DA:22,6
DA:24,6
DA:25,6
DA:26,5
DA:27,6
DA:28,6
DA:30,5
LF:13
LH:13
BRDA:20,0,0,6
BRDA:20,0,1,3
BRDA:25,1,0,1
BRDA:28,2,0,5
BRF:4
BRH:4
end_of_record
TN:
SF:src\usecases\perfil\EditarPerfil.ts
FN:13,(anonymous_7)
FN:17,(anonymous_8)
FNF:2
FNH:2
FNDA:6,(anonymous_7)
FNDA:6,(anonymous_8)
DA:1,1
DA:12,1
DA:14,6
DA:15,6
DA:18,6
DA:19,6
DA:21,6
DA:22,6
DA:24,5
DA:26,5
DA:27,3
DA:28,3
DA:31,4
DA:32,2
DA:33,2
DA:35,4
LF:16
LH:16
BRDA:18,0,0,6
BRDA:18,0,1,4
BRDA:22,1,0,1
BRDA:26,2,0,3
BRDA:28,3,0,1
BRDA:33,4,0,2
BRF:6
BRH:6
end_of_record
TN:
SF:src\usecases\perfil\ExcluirPerfil.ts
FN:6,(anonymous_7)
FN:11,(anonymous_8)
FNF:2
FNH:2
FNDA:3,(anonymous_7)
FNDA:3,(anonymous_8)
DA:5,1
DA:7,3
DA:8,3
DA:12,3
DA:13,3
DA:15,2
DA:16,2
DA:18,1
LF:8
LH:8
BRDA:13,0,0,1
BRDA:16,1,0,1
BRF:2
BRH:2
end_of_record
TN:
SF:src\usecases\perfil\ObterPerfis.ts
FN:14,(anonymous_7)
FN:16,(anonymous_8)
FN:19,(anonymous_10)
FN:27,(anonymous_11)
FN:28,(anonymous_12)
FNF:5
FNH:5
FNDA:1,(anonymous_7)
FNDA:1,(anonymous_8)
FNDA:3,(anonymous_10)
FNDA:3,(anonymous_11)
FNDA:9,(anonymous_12)
DA:13,1
DA:14,1
DA:17,1
DA:19,3
DA:28,9
LF:5
LH:5
BRF:0
BRH:0
end_of_record
TN:
SF:src\usecases\permissao\CriarPermissao.ts
FN:11,(anonymous_8)
FN:13,(anonymous_9)
FNF:2
FNH:2
FNDA:2,(anonymous_8)
FNDA:3,(anonymous_9)
DA:3,1
DA:10,1
DA:11,2
DA:14,3
DA:15,3
DA:17,3
DA:18,3
DA:19,2
LF:8
LH:8
BRDA:18,0,0,1
BRF:1
BRH:1
end_of_record
TN:
SF:src\usecases\permissao\EditarPermissao.ts
FN:10,(anonymous_7)
FN:12,(anonymous_8)
FNF:2
FNH:2
FNDA:4,(anonymous_7)
FNDA:4,(anonymous_8)
DA:1,1
DA:9,1
DA:10,4
DA:13,4
DA:15,4
DA:16,4
DA:18,3
DA:19,3
DA:20,3
DA:22,1
DA:24,2
DA:26,2
LF:12
LH:12
BRDA:16,0,0,1
BRDA:18,1,0,3
BRDA:20,2,0,1
BRDA:20,3,0,3
BRDA:20,3,1,2
BRF:5
BRH:5
end_of_record
TN:
SF:src\usecases\permissao\ExcluirPermissao.ts
FN:7,(anonymous_7)
FN:12,(anonymous_8)
FNF:2
FNH:2
FNDA:3,(anonymous_7)
FNDA:3,(anonymous_8)
DA:6,1
DA:8,3
DA:9,3
DA:14,3
DA:15,3
DA:17,2
DA:18,2
DA:20,1
LF:8
LH:8
BRDA:15,0,0,1
BRDA:18,1,0,1
BRF:2
BRH:2
end_of_record
TN:
SF:src\usecases\permissao\ObterPermissoes.ts
FN:10,(anonymous_7)
FN:12,(anonymous_8)
FN:14,(anonymous_10)
FNF:3
FNH:3
FNDA:1,(anonymous_7)
FNDA:1,(anonymous_8)
FNDA:4,(anonymous_10)
DA:9,1
DA:10,1
DA:13,1
DA:14,4
LF:4
LH:4
BRF:0
BRH:0
end_of_record
TN:
SF:src\usecases\usuario\AtualizarSenha.ts
FN:13,(anonymous_8)
FN:18,(anonymous_9)
FNF:2
FNH:2
FNDA:6,(anonymous_8)
FNDA:6,(anonymous_9)
DA:1,1
DA:3,1
DA:12,1
DA:14,6
DA:15,6
DA:19,6
DA:20,6
DA:22,5
DA:23,1
DA:26,4
DA:28,4
DA:29,4
DA:31,3
DA:32,3
DA:34,2
DA:36,2
DA:38,1
DA:39,1
DA:41,1
LF:19
LH:19
BRDA:20,0,0,1
BRDA:22,1,0,1
BRDA:29,2,0,1
BRDA:32,3,0,1
BRDA:36,4,0,1
BRF:5
BRH:5
end_of_record
TN:
SF:src\usecases\usuario\AtualizarUsuario.ts
FN:13,(anonymous_7)
FN:16,(anonymous_8)
FNF:2
FNH:2
FNDA:2,(anonymous_7)
FNDA:2,(anonymous_8)
DA:1,1
DA:12,1
DA:14,2
DA:17,2
DA:19,2
DA:20,2
DA:22,1
DA:27,1
LF:8
LH:8
BRDA:20,0,0,1
BRF:1
BRH:1
end_of_record
TN:
SF:src\usecases\usuario\DesabilitarUsuario.ts
FN:7,(anonymous_7)
FN:9,(anonymous_8)
FNF:2
FNH:2
FNDA:2,(anonymous_7)
FNDA:2,(anonymous_8)
DA:6,1
DA:7,2
DA:10,2
DA:11,2
DA:12,1
DA:13,1
LF:6
LH:6
BRDA:11,0,0,1
BRF:1
BRH:1
end_of_record
TN:
SF:src\usecases\usuario\HabilitarUsuario.ts
FN:7,(anonymous_7)
FN:9,(anonymous_8)
FNF:2
FNH:2
FNDA:2,(anonymous_7)
FNDA:2,(anonymous_8)
DA:6,1
DA:7,2
DA:10,2
DA:11,2
DA:12,1
DA:13,1
LF:6
LH:6
BRDA:11,0,0,1
BRF:1
BRH:1
end_of_record
TN:
SF:src\usecases\usuario\LoginUsuario.ts
FN:11,(anonymous_7)
FN:15,(anonymous_8)
FNF:2
FNH:2
FNDA:5,(anonymous_7)
FNDA:5,(anonymous_8)
DA:1,1
DA:10,1
DA:12,5
DA:13,5
DA:16,5
DA:17,5
DA:19,5
DA:20,4
DA:22,3
DA:24,3
DA:26,2
DA:31,2
DA:33,1
LF:13
LH:13
BRDA:19,0,0,1
BRDA:20,1,0,1
BRDA:24,2,0,1
BRDA:24,3,0,3
BRDA:24,3,1,2
BRDA:31,4,0,1
BRF:6
BRH:6
end_of_record
TN:
SF:src\usecases\usuario\RegistrarUsuario.ts
FN:16,(anonymous_8)
FN:21,(anonymous_9)
FNF:2
FNH:2
FNDA:4,(anonymous_8)
FNDA:6,(anonymous_9)
DA:1,1
DA:2,1
DA:5,1
DA:15,1
DA:17,4
DA:18,4
DA:22,6
DA:23,1
DA:26,5
DA:27,4
DA:28,4
DA:29,4
DA:31,4
DA:33,4
DA:34,4
DA:36,3
DA:43,3
LF:17
LH:17
BRDA:22,0,0,1
BRDA:34,1,0,1
BRF:2
BRH:2
end_of_record
TN:
SF:src\usecases\usuario\RemoverUsuario.ts
FN:6,(anonymous_7)
FN:8,(anonymous_8)
FNF:2
FNH:2
FNDA:1,(anonymous_7)
FNDA:1,(anonymous_8)
DA:5,1
DA:6,1
DA:9,1
LF:3
LH:3
BRF:0
BRH:0
end_of_record
TN:
SF:test\mock\ProvedorCriptografiaMock.ts
FN:4,(anonymous_0)
FN:16,(anonymous_1)
FNF:2
FNH:2
FNDA:5,(anonymous_0)
FNDA:4,(anonymous_1)
DA:3,3
DA:5,5
DA:6,5
DA:7,5
DA:8,5
DA:9,5
DA:10,4
DA:11,1
DA:12,1
DA:14,0
DA:17,4
DA:18,4
DA:19,4
DA:20,4
DA:21,4
DA:22,2
DA:23,2
DA:24,0
DA:26,2
LF:19
LH:17
BRDA:9,0,0,4
BRDA:9,0,1,1
BRDA:11,1,0,1
BRDA:21,2,0,2
BRDA:21,2,1,2
BRDA:21,3,0,4
BRDA:21,3,1,2
BRDA:23,4,0,0
BRDA:23,5,0,2
BRDA:23,5,1,1
BRF:10
BRH:9
end_of_record
TN:
SF:test\mock\RepositorioPerfilMock.ts
FN:5,(anonymous_7)
FN:7,(anonymous_8)
FN:8,(anonymous_10)
FN:9,(anonymous_11)
FN:13,(anonymous_12)
FN:14,(anonymous_14)
FN:18,(anonymous_15)
FN:22,(anonymous_17)
FN:23,(anonymous_19)
FN:26,(anonymous_20)
FN:30,(anonymous_22)
FN:33,(anonymous_24)
FN:34,(anonymous_26)
FN:40,(anonymous_27)
FN:41,(anonymous_28)
FNF:15
FNH:15
FNDA:18,(anonymous_7)
FNDA:2,(anonymous_8)
FNDA:1,(anonymous_10)
FNDA:1,(anonymous_11)
FNDA:13,(anonymous_12)
FNDA:8,(anonymous_14)
FNDA:1,(anonymous_15)
FNDA:14,(anonymous_17)
FNDA:11,(anonymous_19)
FNDA:5,(anonymous_20)
FNDA:4,(anonymous_22)
FNDA:1,(anonymous_24)
FNDA:1,(anonymous_26)
FNDA:9,(anonymous_27)
FNDA:4,(anonymous_28)
DA:4,5
DA:5,18
DA:8,2
DA:9,1
DA:14,13
DA:19,1
DA:23,14
DA:27,5
DA:31,4
DA:34,1
DA:35,1
DA:36,1
DA:41,9
DA:42,9
DA:43,4
DA:45,5
LF:16
LH:16
BRDA:5,0,0,9
BRDA:8,1,0,1
BRDA:8,1,1,1
BRDA:8,2,0,2
BRDA:8,2,1,2
BRDA:14,3,0,6
BRDA:14,3,1,7
BRDA:14,4,0,13
BRDA:14,4,1,13
BRDA:23,5,0,11
BRDA:23,5,1,3
BRDA:23,6,0,14
BRDA:23,6,1,14
BRDA:35,7,0,1
BRDA:42,8,0,4
BRDA:42,8,1,5
BRF:16
BRH:16
end_of_record
TN:
SF:test\mock\RepositorioPermissaoMock.ts
FN:4,(anonymous_7)
FN:6,(anonymous_8)
FN:7,(anonymous_10)
FN:11,(anonymous_11)
FN:15,(anonymous_13)
FN:16,(anonymous_15)
FN:19,(anonymous_16)
FN:23,(anonymous_18)
FN:27,(anonymous_20)
FN:28,(anonymous_22)
FN:34,(anonymous_23)
FN:35,(anonymous_24)
FNF:12
FNH:12
FNDA:22,(anonymous_7)
FNDA:7,(anonymous_8)
FNDA:5,(anonymous_10)
FNDA:1,(anonymous_11)
FNDA:18,(anonymous_13)
FNDA:19,(anonymous_15)
FNDA:2,(anonymous_16)
FNDA:2,(anonymous_18)
FNDA:1,(anonymous_20)
FNDA:1,(anonymous_22)
FNDA:4,(anonymous_23)
FNDA:2,(anonymous_24)
DA:3,7
DA:4,22
DA:7,7
DA:12,1
DA:16,19
DA:20,2
DA:24,2
DA:28,1
DA:29,1
DA:30,1
DA:35,4
DA:36,4
DA:37,2
DA:39,2
LF:14
LH:14
BRDA:4,0,0,10
BRDA:7,1,0,4
BRDA:7,1,1,3
BRDA:7,2,0,7
BRDA:7,2,1,7
BRDA:16,3,0,14
BRDA:16,3,1,4
BRDA:16,4,0,18
BRDA:16,4,1,18
BRDA:29,5,0,1
BRDA:36,6,0,2
BRDA:36,6,1,2
BRF:12
BRH:12
end_of_record
TN:
SF:test\mock\RepositorioUsuarioMock.ts
FN:5,(anonymous_7)
FN:7,(anonymous_8)
FN:8,(anonymous_10)
FN:9,(anonymous_11)
FN:13,(anonymous_12)
FN:17,(anonymous_14)
FN:18,(anonymous_16)
FN:21,(anonymous_17)
FN:22,(anonymous_19)
FN:25,(anonymous_20)
FN:29,(anonymous_22)
FN:33,(anonymous_24)
FN:34,(anonymous_26)
FN:40,(anonymous_27)
FN:41,(anonymous_28)
FNF:15
FNH:14
FNDA:25,(anonymous_7)
FNDA:2,(anonymous_8)
FNDA:1,(anonymous_10)
FNDA:1,(anonymous_11)
FNDA:0,(anonymous_12)
FNDA:15,(anonymous_14)
FNDA:11,(anonymous_16)
FNDA:10,(anonymous_17)
FNDA:6,(anonymous_19)
FNDA:3,(anonymous_20)
FNDA:4,(anonymous_22)
FNDA:1,(anonymous_24)
FNDA:1,(anonymous_26)
FNDA:7,(anonymous_27)
FNDA:4,(anonymous_28)
DA:4,8
DA:5,25
DA:8,2
DA:9,1
DA:14,0
DA:18,15
DA:22,10
DA:26,3
DA:30,4
DA:34,1
DA:35,1
DA:36,1
DA:41,7
DA:42,7
DA:43,4
DA:45,3
LF:16
LH:15
BRDA:5,0,0,10
BRDA:8,1,0,1
BRDA:8,1,1,1
BRDA:8,2,0,2
BRDA:8,2,1,2
BRDA:18,3,0,10
BRDA:18,3,1,5
BRDA:18,4,0,15
BRDA:18,4,1,15
BRDA:22,5,0,6
BRDA:22,5,1,4
BRDA:22,6,0,10
BRDA:22,6,1,10
BRDA:35,7,0,1
BRDA:42,8,0,4
BRDA:42,8,1,3
BRF:16
BRH:16
end_of_record
