TN:
SF:src\model\Celular.ts
FN:4,(anonymous_0)
FN:16,(anonymous_1)
FN:21,(anonymous_2)
FN:29,(anonymous_3)
FNF:4
FNH:4
FNDA:6,(anonymous_0)
FNDA:5,(anonymous_1)
FNDA:1,(anonymous_2)
FNDA:1,(anonymous_3)
DA:1,1
DA:5,6
DA:6,2
DA:9,4
DA:11,4
DA:12,2
DA:17,5
DA:18,5
DA:22,1
DA:23,1
DA:24,1
DA:25,1
DA:26,1
DA:30,1
LF:14
LH:14
BRDA:5,0,0,2
BRDA:11,1,0,2
BRF:2
BRH:2
end_of_record
TN:
SF:src\model\Email.ts
FN:4,(anonymous_0)
FN:14,(anonymous_1)
FN:18,(anonymous_2)
FN:22,(anonymous_3)
FNF:4
FNH:4
FNDA:6,(anonymous_0)
FNDA:1,(anonymous_1)
FNDA:1,(anonymous_2)
FNDA:6,(anonymous_3)
DA:1,1
DA:5,6
DA:6,2
DA:9,4
DA:10,2
DA:12,2
DA:15,1
DA:19,1
DA:24,6
DA:25,6
LF:10
LH:10
BRDA:5,0,0,2
BRDA:9,1,0,2
BRF:2
BRH:2
end_of_record
TN:
SF:src\model\Entidade.ts
FN:11,(anonymous_1)
FN:16,(anonymous_2)
FN:20,(anonymous_3)
FN:24,(anonymous_4)
FN:29,(anonymous_5)
FNF:5
FNH:5
FNDA:6,(anonymous_1)
FNDA:1,(anonymous_2)
FNDA:1,(anonymous_3)
FNDA:1,(anonymous_4)
FNDA:2,(anonymous_5)
DA:1,1
DA:7,1
DA:12,6
DA:13,6
DA:17,1
DA:21,1
DA:25,1
DA:26,1
DA:30,2
LF:9
LH:9
BRF:0
BRH:0
end_of_record
TN:
SF:src\model\Id.ts
FN:7,(anonymous_0)
FN:14,(anonymous_1)
FN:18,(anonymous_2)
FN:22,(anonymous_3)
FN:26,(anonymous_4)
FN:30,(anonymous_5)
FNF:6
FNH:6
FNDA:15,(anonymous_0)
FNDA:4,(anonymous_1)
FNDA:17,(anonymous_2)
FNDA:15,(anonymous_3)
FNDA:2,(anonymous_4)
FNDA:2,(anonymous_5)
DA:1,2
DA:2,2
DA:4,2
DA:8,15
DA:9,15
DA:10,1
DA:15,4
DA:19,17
DA:23,15
DA:27,2
DA:31,2
LF:11
LH:11
BRDA:8,0,0,6
BRDA:8,0,1,9
BRDA:8,1,0,15
BRDA:8,1,1,15
BRDA:8,2,0,9
BRDA:8,2,1,6
BRDA:8,3,0,15
BRDA:8,3,1,15
BRDA:9,4,0,1
BRF:9
BRH:9
end_of_record
TN:
SF:src\model\Nome.ts
FN:11,(anonymous_0)
FN:29,(anonymous_1)
FNF:2
FNH:2
FNDA:15,(anonymous_0)
FNDA:9,(anonymous_1)
DA:6,2
DA:12,15
DA:13,2
DA:16,13
DA:17,13
DA:19,13
DA:21,13
DA:22,1
DA:25,12
DA:26,1
DA:30,9
LF:11
LH:11
BRDA:12,0,0,2
BRDA:16,1,0,4
BRDA:16,1,1,9
BRDA:16,2,0,13
BRDA:16,2,1,13
BRDA:17,3,0,4
BRDA:17,3,1,9
BRDA:17,4,0,13
BRDA:17,4,1,13
BRDA:21,5,0,1
BRDA:25,6,0,1
BRF:11
BRH:11
end_of_record
TN:
SF:src\model\NomePessoa.ts
FN:9,(anonymous_1)
FN:27,(anonymous_2)
FN:30,(anonymous_3)
FN:34,(anonymous_4)
FN:42,(anonymous_5)
FN:46,(anonymous_6)
FNF:6
FNH:6
FNDA:12,(anonymous_1)
FNDA:2,(anonymous_2)
FNDA:2,(anonymous_3)
FNDA:2,(anonymous_4)
FNDA:2,(anonymous_5)
FNDA:1,(anonymous_6)
DA:1,1
DA:6,1
DA:10,12
DA:11,4
DA:14,8
DA:16,8
DA:17,1
DA:20,7
DA:21,1
DA:23,6
DA:28,2
DA:31,2
DA:35,2
DA:36,1
DA:38,1
DA:43,2
DA:47,1
LF:17
LH:17
BRDA:10,0,0,4
BRDA:16,1,0,1
BRDA:20,2,0,1
BRDA:20,2,1,6
BRDA:35,3,0,1
BRDA:35,3,1,1
BRF:6
BRH:6
end_of_record
TN:
SF:src\model\Url.ts
FN:4,(anonymous_0)
FN:15,(anonymous_1)
FN:19,(anonymous_2)
FN:23,(anonymous_3)
FNF:4
FNH:4
FNDA:6,(anonymous_0)
FNDA:1,(anonymous_1)
FNDA:1,(anonymous_2)
FNDA:6,(anonymous_3)
DA:1,1
DA:5,6
DA:6,2
DA:9,4
DA:10,2
DA:12,2
DA:16,1
DA:20,1
DA:24,6
DA:25,6
DA:26,3
DA:28,3
LF:12
LH:12
BRDA:5,0,0,2
BRDA:9,1,0,2
BRF:2
BRH:2
end_of_record
